TN:
SF:/Users/phil/github/openstax/tutor-js/index.coffee
FN:35,(anonymous_1)
FNF:1
FNH:1
FNDA:21,(anonymous_1)
DA:1,21
DA:3,21
DA:5,21
DA:7,21
DA:9,21
DA:11,21
DA:13,21
DA:15,21
DA:17,21
DA:19,21
DA:35,21
DA:36,21
DA:37,21
DA:38,0
DA:40,21
DA:41,21
DA:42,21
DA:43,21
DA:44,21
DA:45,21
DA:46,21
DA:47,21
DA:50,21
LF:23
LH:22
BRDA:37,1,0,0
BRDA:37,1,1,21
BRDA:50,2,0,21
BRDA:50,2,1,0
BRF:4
BRH:2
end_of_record
TN:
SF:/Users/phil/github/openstax/tutor-js/node_modules/openstax-react-components/index.cjsx
FNF:0
FNH:0
DA:1,21
DA:3,21
DA:5,21
DA:7,21
DA:9,21
DA:11,21
DA:13,21
DA:15,21
DA:17,21
DA:19,21
DA:21,21
DA:23,21
DA:25,21
DA:27,21
DA:29,21
DA:31,21
DA:33,21
DA:35,21
DA:37,21
DA:39,21
LF:20
LH:20
BRF:0
BRH:0
end_of_record
TN:
SF:/Users/phil/github/openstax/tutor-js/node_modules/openstax-react-components/src/components/breadcrumb/index.cjsx
FN:20,(anonymous_1)
FN:26,(anonymous_2)
FN:29,(anonymous_3)
FN:34,(anonymous_4)
FN:61,(anonymous_5)
FN:95,(anonymous_6)
FNF:6
FNH:5
FNDA:21,(anonymous_1)
FNDA:60,(anonymous_2)
FNDA:156,(anonymous_3)
FNDA:216,(anonymous_4)
FNDA:216,(anonymous_5)
FNDA:0,(anonymous_6)
DA:1,21
DA:3,21
DA:5,21
DA:7,21
DA:9,21
DA:21,21
DA:27,60
DA:30,156
DA:31,156
DA:32,156
DA:35,216
DA:36,216
DA:37,216
DA:38,216
DA:39,216
DA:40,216
DA:41,216
DA:42,216
DA:43,216
DA:44,185
DA:45,95
DA:46,90
DA:47,5
DA:48,5
DA:52,216
DA:62,216
DA:63,216
DA:64,216
DA:65,216
DA:66,216
DA:67,12
DA:69,216
DA:70,185
DA:71,175
DA:74,216
DA:75,90
DA:79,216
DA:80,5
DA:84,216
DA:85,5
DA:87,216
DA:94,216
DA:95,185
DA:96,0
DA:99,216
DA:100,216
DA:112,21
LF:47
LH:46
BRDA:40,1,0,216
BRDA:40,1,1,0
BRDA:42,2,0,5
BRDA:42,2,1,211
BRDA:42,3,0,211
BRDA:42,3,1,0
BRDA:43,4,0,185
BRDA:43,4,1,31
BRDA:44,5,0,95
BRDA:44,5,1,90
BRDA:44,6,0,185
BRDA:44,6,1,185
BRDA:45,7,0,90
BRDA:45,7,1,5
BRDA:47,8,0,5
BRDA:47,8,1,0
BRDA:66,9,0,12
BRDA:66,9,1,204
BRDA:69,10,0,185
BRDA:69,10,1,31
BRDA:70,11,0,175
BRDA:70,11,1,10
BRDA:74,12,0,90
BRDA:74,12,1,126
BRDA:79,13,0,5
BRDA:79,13,1,211
BRDA:84,14,0,5
BRDA:84,14,1,211
BRDA:94,15,0,185
BRDA:94,15,1,31
BRF:30
BRH:27
end_of_record
TN:
SF:/Users/phil/github/openstax/tutor-js/node_modules/openstax-react-components/src/components/buttons/async-button.cjsx
FN:24,(anonymous_1)
FN:29,(anonymous_2)
FN:38,(anonymous_3)
FN:47,(anonymous_4)
FN:60,(anonymous_5)
FNF:5
FNH:4
FNDA:40,(anonymous_1)
FNDA:269,(anonymous_2)
FNDA:0,(anonymous_3)
FNDA:21,(anonymous_4)
FNDA:309,(anonymous_5)
DA:1,21
DA:3,21
DA:5,21
DA:7,21
DA:9,21
DA:11,21
DA:25,40
DA:30,269
DA:31,269
DA:32,269
DA:33,269
DA:34,269
DA:35,9
DA:39,0
DA:40,0
DA:41,0
DA:42,0
DA:48,21
DA:61,309
DA:62,309
DA:63,309
DA:64,309
DA:65,309
DA:66,309
DA:67,309
DA:68,309
DA:69,0
DA:70,0
DA:71,309
DA:72,9
DA:73,9
DA:74,9
DA:75,9
DA:78,300
DA:79,0
DA:80,0
DA:82,300
DA:83,300
DA:85,309
LF:39
LH:31
BRDA:33,1,0,269
BRDA:33,1,1,269
BRDA:33,2,0,154
BRDA:33,2,1,115
BRDA:34,3,0,9
BRDA:34,3,1,260
BRDA:34,4,0,269
BRDA:34,4,1,9
BRDA:41,5,0,0
BRDA:41,5,1,0
BRDA:41,6,0,0
BRDA:41,6,1,0
BRDA:68,7,0,0
BRDA:68,7,1,309
BRDA:68,8,0,309
BRDA:68,8,1,309
BRDA:71,9,0,9
BRDA:71,9,1,300
BRDA:78,10,0,0
BRDA:78,10,1,300
BRF:20
BRH:14
end_of_record
TN:
SF:/Users/phil/github/openstax/tutor-js/node_modules/openstax-react-components/src/components/buttons/close-button.cjsx
FN:8,(anonymous_1)
FNF:1
FNH:1
FNDA:140,(anonymous_1)
DA:1,21
DA:3,21
DA:5,21
DA:7,21
DA:9,140
DA:10,140
DA:11,140
LF:7
LH:7
BRF:0
BRH:0
end_of_record
TN:
SF:/Users/phil/github/openstax/tutor-js/node_modules/openstax-react-components/src/components/buttons/refresh-button.cjsx
FN:12,(anonymous_1)
FN:19,(anonymous_2)
FNF:2
FNH:2
FNDA:21,(anonymous_1)
FNDA:80,(anonymous_2)
DA:1,21
DA:3,21
DA:5,21
DA:13,21
DA:20,80
DA:21,80
DA:22,80
LF:7
LH:7
BRF:0
BRH:0
end_of_record
TN:
SF:/Users/phil/github/openstax/tutor-js/node_modules/openstax-react-components/src/components/chapter-section-mixin.cjsx
FN:6,(anonymous_1)
FN:13,(anonymous_2)
FNF:2
FNH:2
FNDA:420,(anonymous_1)
FNDA:10757,(anonymous_2)
DA:1,21
DA:3,21
DA:5,21
DA:7,420
DA:14,10757
DA:15,10757
DA:16,10757
DA:17,0
DA:19,10757
DA:20,10757
DA:22,10757
DA:23,10757
DA:24,1650
DA:26,10757
DA:27,10757
DA:29,0
LF:16
LH:14
BRDA:16,1,0,0
BRDA:16,1,1,10757
BRDA:19,2,0,10757
BRDA:19,2,1,0
BRDA:23,3,0,1650
BRDA:23,3,1,9107
BRDA:23,4,0,10757
BRDA:23,4,1,10757
BRDA:26,5,0,10757
BRDA:26,5,1,0
BRDA:27,6,0,10757
BRDA:27,6,1,10421
BRF:12
BRH:9
end_of_record
TN:
SF:/Users/phil/github/openstax/tutor-js/node_modules/openstax-react-components/src/components/exercise/controls.cjsx
FN:16,(anonymous_1)
FN:23,(anonymous_2)
FN:43,(anonymous_3)
FN:51,(anonymous_4)
FNF:4
FNH:3
FNDA:21,(anonymous_1)
FNDA:3,(anonymous_2)
FNDA:21,(anonymous_3)
FNDA:0,(anonymous_4)
DA:1,21
DA:3,21
DA:5,21
DA:7,21
DA:9,21
DA:11,21
DA:13,21
DA:17,21
DA:24,3
DA:25,3
DA:26,3
DA:27,3
DA:40,21
DA:44,21
DA:52,0
DA:53,0
DA:54,0
DA:55,0
DA:56,0
DA:57,0
DA:58,0
DA:67,0
DA:68,0
DA:75,0
DA:82,0
DA:89,21
LF:26
LH:15
BRDA:26,1,0,3
BRDA:26,1,1,0
BRDA:56,2,0,0
BRDA:56,2,1,0
BRDA:57,3,0,0
BRDA:57,3,1,0
BRDA:67,4,0,0
BRDA:67,4,1,0
BRDA:75,5,0,0
BRDA:75,5,1,0
BRF:10
BRH:1
end_of_record
TN:
SF:/Users/phil/github/openstax/tutor-js/node_modules/openstax-react-components/src/components/exercise/free-response.cjsx
FN:10,(anonymous_1)
FN:15,(anonymous_2)
FNF:2
FNH:2
FNDA:21,(anonymous_1)
FNDA:903,(anonymous_2)
DA:1,21
DA:3,21
DA:5,21
DA:11,21
DA:16,903
DA:17,903
DA:18,903
DA:19,903
DA:22,903
DA:23,900
DA:25,903
DA:26,903
DA:28,903
DA:32,21
LF:14
LH:14
BRDA:22,1,0,900
BRDA:22,1,1,3
BRDA:25,2,0,903
BRDA:25,2,1,0
BRDA:25,3,0,903
BRDA:25,3,1,903
BRF:6
BRH:5
end_of_record
TN:
SF:/Users/phil/github/openstax/tutor-js/node_modules/openstax-react-components/src/components/exercise/group.cjsx
FN:40,(anonymous_1)
FN:46,(anonymous_2)
FN:49,(anonymous_3)
FN:54,(anonymous_4)
FN:63,(anonymous_5)
FNF:5
FNH:2
FNDA:21,(anonymous_1)
FNDA:0,(anonymous_2)
FNDA:0,(anonymous_3)
FNDA:0,(anonymous_4)
FNDA:3,(anonymous_5)
DA:1,21
DA:3,21
DA:5,21
DA:7,21
DA:9,21
DA:11,21
DA:13,21
DA:17,21
DA:33,21
DA:41,21
DA:47,0
DA:50,0
DA:51,0
DA:52,0
DA:55,0
DA:56,0
DA:57,0
DA:59,0
DA:61,0
DA:64,3
DA:65,3
DA:66,3
DA:67,3
DA:68,0
DA:69,0
DA:70,0
DA:80,3
DA:81,3
DA:86,3
DA:92,21
LF:30
LH:18
BRDA:56,1,0,0
BRDA:56,1,1,0
BRDA:67,2,0,0
BRDA:67,2,1,3
BRDA:80,3,0,3
BRDA:80,3,1,0
BRF:6
BRH:2
end_of_record
TN:
SF:/Users/phil/github/openstax/tutor-js/node_modules/openstax-react-components/src/components/exercise/identifier-link.cjsx
FN:22,(anonymous_1)
FN:33,(anonymous_2)
FNF:2
FNH:2
FNDA:3,(anonymous_1)
FNDA:3,(anonymous_2)
DA:1,21
DA:3,21
DA:5,21
DA:16,21
DA:23,3
DA:24,3
DA:25,3
DA:26,0
DA:28,3
DA:29,0
DA:31,3
DA:34,3
DA:43,21
LF:13
LH:11
BRDA:25,1,0,0
BRDA:25,1,1,3
BRDA:26,2,0,0
BRDA:26,2,1,0
BRDA:28,3,0,0
BRDA:28,3,1,3
BRDA:28,4,0,3
BRDA:28,4,1,0
BRF:8
BRH:3
end_of_record
TN:
SF:/Users/phil/github/openstax/tutor-js/node_modules/openstax-react-components/src/components/exercise/index.cjsx
FN:46,(anonymous_1)
FN:53,(anonymous_2)
FN:60,(anonymous_3)
FN:63,(anonymous_4)
FN:73,(anonymous_5)
FN:82,(anonymous_6)
FN:88,(anonymous_7)
FN:93,(anonymous_8)
FN:99,(anonymous_9)
FN:104,(anonymous_10)
FN:112,(anonymous_11)
FN:118,(anonymous_12)
FN:124,(anonymous_13)
FN:132,(anonymous_14)
FNF:14
FNH:7
FNDA:1,(anonymous_1)
FNDA:1,(anonymous_2)
FNDA:2,(anonymous_3)
FNDA:2,(anonymous_4)
FNDA:21,(anonymous_5)
FNDA:0,(anonymous_6)
FNDA:0,(anonymous_7)
FNDA:0,(anonymous_8)
FNDA:0,(anonymous_9)
FNDA:0,(anonymous_10)
FNDA:0,(anonymous_11)
FNDA:0,(anonymous_12)
FNDA:3,(anonymous_13)
FNDA:3,(anonymous_14)
DA:1,21
DA:3,21
DA:5,21
DA:7,21
DA:9,21
DA:11,21
DA:13,21
DA:15,21
DA:17,21
DA:19,21
DA:21,21
DA:23,21
DA:25,21
DA:47,1
DA:48,1
DA:49,1
DA:54,1
DA:55,1
DA:56,1
DA:57,0
DA:61,2
DA:64,2
DA:65,2
DA:66,2
DA:67,2
DA:68,0
DA:74,21
DA:83,0
DA:84,0
DA:85,0
DA:86,0
DA:89,0
DA:90,0
DA:91,0
DA:94,0
DA:95,0
DA:96,0
DA:97,0
DA:100,0
DA:101,0
DA:102,0
DA:105,0
DA:106,0
DA:107,0
DA:108,0
DA:109,0
DA:110,0
DA:113,0
DA:114,0
DA:115,0
DA:116,0
DA:119,0
DA:120,0
DA:121,0
DA:122,0
DA:125,3
DA:126,3
DA:127,3
DA:128,3
DA:129,3
DA:130,3
DA:133,3
DA:134,3
DA:135,3
DA:136,3
DA:137,3
DA:138,3
DA:146,21
LF:68
LH:38
BRDA:56,1,0,0
BRDA:56,1,1,1
BRDA:65,2,0,2
BRDA:65,2,1,0
BRDA:67,3,0,0
BRDA:67,3,1,2
BRDA:67,4,0,2
BRDA:67,4,1,2
BRDA:137,5,0,3
BRDA:137,5,1,0
BRF:10
BRH:6
end_of_record
TN:
SF:/Users/phil/github/openstax/tutor-js/node_modules/openstax-react-components/src/components/exercise/mode.cjsx
FN:24,(anonymous_1)
FN:31,(anonymous_2)
FN:39,(anonymous_3)
FN:46,(anonymous_4)
FN:53,(anonymous_5)
FN:67,(anonymous_6)
FN:74,(anonymous_7)
FN:82,(anonymous_8)
FN:92,(anonymous_9)
FN:113,(anonymous_10)
FNF:10
FNH:7
FNDA:21,(anonymous_1)
FNDA:1,(anonymous_2)
FNDA:1,(anonymous_3)
FNDA:2,(anonymous_4)
FNDA:2,(anonymous_5)
FNDA:0,(anonymous_6)
FNDA:0,(anonymous_7)
FNDA:0,(anonymous_8)
FNDA:3,(anonymous_9)
FNDA:3,(anonymous_10)
DA:1,21
DA:3,21
DA:5,21
DA:7,21
DA:9,21
DA:11,21
DA:13,21
DA:15,21
DA:17,21
DA:21,21
DA:25,21
DA:32,1
DA:33,1
DA:34,1
DA:40,1
DA:41,1
DA:42,1
DA:43,0
DA:47,2
DA:48,2
DA:49,2
DA:50,0
DA:54,2
DA:55,2
DA:56,2
DA:57,2
DA:58,0
DA:60,2
DA:61,0
DA:63,2
DA:64,0
DA:68,0
DA:69,0
DA:70,0
DA:71,0
DA:75,0
DA:76,0
DA:77,0
DA:80,0
DA:83,0
DA:84,0
DA:85,0
DA:87,0
DA:90,0
DA:93,3
DA:94,3
DA:95,3
DA:96,3
DA:97,0
DA:99,3
DA:100,0
DA:108,3
DA:114,3
DA:115,3
DA:116,3
DA:117,3
DA:118,3
DA:120,3
DA:121,3
DA:122,0
DA:124,3
DA:125,3
DA:126,0
DA:129,3
DA:130,0
DA:134,3
DA:135,3
DA:136,3
DA:151,21
LF:69
LH:46
BRDA:42,1,0,0
BRDA:42,1,1,1
BRDA:49,2,0,0
BRDA:49,2,1,2
BRDA:57,3,0,0
BRDA:57,3,1,2
BRDA:60,4,0,0
BRDA:60,4,1,2
BRDA:63,5,0,0
BRDA:63,5,1,2
BRDA:70,6,0,0
BRDA:70,6,1,0
BRDA:70,7,0,0
BRDA:70,7,1,0
BRDA:71,8,0,0
BRDA:71,8,1,0
BRDA:71,9,0,0
BRDA:71,9,1,0
BRDA:71,10,0,0
BRDA:71,10,1,0
BRDA:76,11,0,0
BRDA:76,11,1,0
BRDA:76,12,0,0
BRDA:76,12,1,0
BRDA:80,13,0,0
BRDA:80,13,1,0
BRDA:84,14,0,0
BRDA:84,14,1,0
BRDA:84,15,0,0
BRDA:84,15,1,0
BRDA:90,16,0,0
BRDA:90,16,1,0
BRDA:96,17,0,0
BRDA:96,17,1,3
BRDA:99,18,0,0
BRDA:99,18,1,3
BRDA:104,19,0,0
BRDA:104,19,1,0
BRDA:117,20,0,3
BRDA:117,20,1,0
BRDA:121,21,0,0
BRDA:121,21,1,3
BRDA:125,22,0,0
BRDA:125,22,1,3
BRDA:129,23,0,0
BRDA:129,23,1,3
BRF:46
BRH:11
end_of_record
TN:
SF:/Users/phil/github/openstax/tutor-js/node_modules/openstax-react-components/src/components/exercise/props.cjsx
FN:8,(anonymous_1)
FNF:1
FNH:1
FNDA:105,(anonymous_1)
DA:1,21
DA:4,21
DA:6,21
DA:8,21
DA:9,105
DA:10,105
DA:11,105
DA:12,105
DA:15,21
DA:25,21
DA:33,21
DA:42,21
DA:49,21
DA:55,21
DA:57,21
DA:59,21
DA:61,21
DA:63,21
DA:65,21
DA:67,21
DA:69,21
DA:71,21
DA:73,21
DA:75,21
DA:77,21
DA:79,21
DA:81,21
DA:90,21
DA:92,21
DA:94,21
DA:96,21
LF:31
LH:31
BRDA:10,1,0,105
BRDA:10,1,1,0
BRF:2
BRH:1
end_of_record
TN:
SF:/Users/phil/github/openstax/tutor-js/node_modules/openstax-react-components/src/components/exercise/step-card.cjsx
FN:51,(anonymous_1)
FN:59,(anonymous_2)
FN:67,(anonymous_3)
FN:71,(anonymous_4)
FN:74,(anonymous_5)
FN:84,(anonymous_6)
FN:91,(anonymous_7)
FN:95,(anonymous_8)
FN:99,(anonymous_9)
FN:107,(anonymous_10)
FN:116,(anonymous_11)
FN:123,(anonymous_12)
FN:130,(anonymous_13)
FN:135,(anonymous_14)
FN:152,(anonymous_15)
FNF:15
FNH:7
FNDA:0,(anonymous_1)
FNDA:21,(anonymous_2)
FNDA:1,(anonymous_3)
FNDA:2,(anonymous_4)
FNDA:2,(anonymous_5)
FNDA:0,(anonymous_6)
FNDA:0,(anonymous_7)
FNDA:0,(anonymous_8)
FNDA:5,(anonymous_9)
FNDA:3,(anonymous_10)
FNDA:0,(anonymous_11)
FNDA:0,(anonymous_12)
FNDA:0,(anonymous_13)
FNDA:0,(anonymous_14)
FNDA:3,(anonymous_15)
DA:1,21
DA:3,21
DA:5,21
DA:7,21
DA:9,21
DA:11,21
DA:13,21
DA:15,21
DA:17,21
DA:19,21
DA:21,21
DA:28,21
DA:35,21
DA:42,21
DA:49,21
DA:52,0
DA:56,21
DA:60,21
DA:68,1
DA:69,1
DA:72,2
DA:75,2
DA:76,2
DA:77,0
DA:78,0
DA:80,2
DA:81,0
DA:85,0
DA:86,0
DA:88,0
DA:92,0
DA:93,0
DA:96,0
DA:97,0
DA:100,5
DA:101,5
DA:102,5
DA:108,3
DA:109,3
DA:110,3
DA:111,3
DA:112,3
DA:114,0
DA:117,0
DA:118,0
DA:121,0
DA:124,0
DA:125,0
DA:128,0
DA:131,0
DA:132,0
DA:133,0
DA:136,0
DA:137,0
DA:138,0
DA:139,0
DA:141,0
DA:142,0
DA:143,0
DA:145,0
DA:146,0
DA:147,0
DA:148,0
DA:153,3
DA:154,3
DA:155,3
DA:156,3
DA:157,3
DA:158,3
DA:159,3
DA:160,3
DA:161,3
DA:162,3
DA:163,3
DA:164,3
DA:165,3
DA:166,3
DA:167,3
DA:168,3
DA:169,3
DA:170,3
DA:187,21
LF:82
LH:50
BRDA:72,1,0,2
BRDA:72,1,1,0
BRDA:72,1,2,0
BRDA:76,2,0,0
BRDA:76,2,1,2
BRDA:80,3,0,0
BRDA:80,3,1,2
BRDA:85,4,0,0
BRDA:85,4,1,0
BRDA:103,5,0,5
BRDA:103,5,1,0
BRDA:104,6,0,5
BRDA:104,6,1,0
BRDA:111,7,0,3
BRDA:111,7,1,0
BRDA:114,8,0,0
BRDA:114,8,1,0
BRDA:121,9,0,0
BRDA:121,9,1,0
BRDA:128,10,0,0
BRDA:128,10,1,0
BRDA:133,11,0,0
BRDA:133,11,1,0
BRDA:138,12,0,0
BRDA:138,12,1,0
BRDA:138,13,0,0
BRDA:138,13,1,0
BRDA:141,14,0,0
BRDA:141,14,1,0
BRDA:145,15,0,0
BRDA:145,15,1,0
BRDA:147,16,0,0
BRDA:147,16,1,0
BRDA:160,17,0,3
BRDA:160,17,1,3
BRDA:164,18,0,3
BRDA:164,18,1,2
BRDA:167,19,0,3
BRDA:167,19,1,3
BRDA:181,20,0,3
BRDA:181,20,1,0
BRF:41
BRH:13
end_of_record
TN:
SF:/Users/phil/github/openstax/tutor-js/node_modules/openstax-react-components/src/components/get-position-mixin.cjsx
FN:2,(anonymous_1)
FNF:1
FNH:1
FNDA:31,(anonymous_1)
DA:1,21
DA:3,31
LF:2
LH:2
BRF:0
BRH:0
end_of_record
TN:
SF:/Users/phil/github/openstax/tutor-js/node_modules/openstax-react-components/src/components/html.cjsx
FN:19,(anonymous_1)
FN:24,(anonymous_2)
FN:41,(anonymous_3)
FN:50,(anonymous_4)
FN:60,(anonymous_5)
FN:63,(anonymous_6)
FN:66,(anonymous_7)
FN:70,(anonymous_8)
FNF:8
FNH:7
FNDA:21,(anonymous_1)
FNDA:143,(anonymous_2)
FNDA:143,(anonymous_3)
FNDA:691,(anonymous_4)
FNDA:143,(anonymous_5)
FNDA:0,(anonymous_6)
FNDA:143,(anonymous_7)
FNDA:1,(anonymous_8)
DA:1,21
DA:3,21
DA:5,21
DA:7,21
DA:9,21
DA:11,21
DA:20,21
DA:25,143
DA:26,143
DA:27,143
DA:28,143
DA:29,143
DA:30,30
DA:35,113
DA:42,143
DA:43,143
DA:44,143
DA:45,142
DA:51,691
DA:52,691
DA:53,2764
DA:54,2764
DA:55,0
DA:58,691
DA:61,143
DA:64,0
DA:67,143
DA:68,143
DA:69,143
DA:70,143
DA:71,1
DA:72,1
DA:73,1
DA:76,143
LF:34
LH:32
BRDA:29,1,0,30
BRDA:29,1,1,113
BRDA:44,2,0,142
BRDA:44,2,1,1
BRDA:54,3,0,0
BRDA:54,3,1,2764
BRDA:72,4,0,1
BRDA:72,4,1,0
BRDA:72,5,0,1
BRDA:72,5,1,0
BRDA:76,6,0,143
BRDA:76,6,1,143
BRDA:76,7,0,0
BRDA:76,7,1,143
BRF:14
BRH:10
end_of_record
TN:
SF:/Users/phil/github/openstax/tutor-js/node_modules/openstax-react-components/src/components/pinned-header-footer-card/index.cjsx
FN:24,(anonymous_1)
FN:32,(anonymous_2)
FN:43,(anonymous_3)
FN:53,(anonymous_4)
FN:56,(anonymous_5)
FN:65,(anonymous_6)
FN:72,(anonymous_7)
FN:75,(anonymous_8)
FN:78,(anonymous_9)
FN:81,(anonymous_10)
FN:84,(anonymous_11)
FN:97,(anonymous_12)
FN:112,(anonymous_13)
FN:118,(anonymous_14)
FN:123,(anonymous_15)
FN:135,(anonymous_16)
FN:146,(anonymous_17)
FN:149,(anonymous_18)
FN:155,(anonymous_19)
FN:171,(anonymous_20)
FN:176,(anonymous_21)
FNF:21
FNH:19
FNDA:21,(anonymous_1)
FNDA:4,(anonymous_2)
FNDA:4,(anonymous_3)
FNDA:4,(anonymous_4)
FNDA:4,(anonymous_5)
FNDA:4,(anonymous_6)
FNDA:47,(anonymous_7)
FNDA:11,(anonymous_8)
FNDA:15,(anonymous_9)
FNDA:47,(anonymous_10)
FNDA:47,(anonymous_11)
FNDA:14,(anonymous_12)
FNDA:0,(anonymous_13)
FNDA:47,(anonymous_14)
FNDA:4,(anonymous_15)
FNDA:14,(anonymous_16)
FNDA:0,(anonymous_17)
FNDA:4,(anonymous_18)
FNDA:33,(anonymous_19)
FNDA:8,(anonymous_20)
FNDA:37,(anonymous_21)
DA:1,21
DA:3,21
DA:5,21
DA:7,21
DA:9,21
DA:11,21
DA:13,21
DA:15,21
DA:25,21
DA:33,4
DA:44,4
DA:45,4
DA:46,4
DA:47,4
DA:48,4
DA:49,4
DA:50,2
DA:54,4
DA:57,4
DA:58,4
DA:59,4
DA:60,0
DA:61,0
DA:63,4
DA:66,4
DA:67,4
DA:68,4
DA:73,47
DA:76,11
DA:79,15
DA:82,47
DA:85,47
DA:86,47
DA:87,32
DA:88,15
DA:89,4
DA:90,11
DA:91,9
DA:93,2
DA:95,47
DA:98,14
DA:99,14
DA:100,14
DA:105,14
DA:106,14
DA:107,14
DA:108,14
DA:109,14
DA:110,14
DA:113,0
DA:114,0
DA:119,47
DA:120,47
DA:121,47
DA:124,4
DA:125,4
DA:126,4
DA:127,0
DA:129,4
DA:130,4
DA:136,14
DA:137,14
DA:138,14
DA:139,14
DA:140,0
DA:142,14
DA:147,0
DA:150,4
DA:151,4
DA:152,4
DA:153,4
DA:156,33
DA:157,33
DA:158,33
DA:159,33
DA:160,33
DA:161,33
DA:162,0
DA:164,33
DA:165,10
DA:167,33
DA:168,10
DA:172,8
DA:173,0
DA:177,37
DA:178,37
DA:179,37
DA:180,37
DA:181,37
DA:183,37
DA:184,37
DA:185,37
DA:186,33
DA:190,4
DA:194,37
DA:195,23
DA:199,37
LF:97
LH:88
BRDA:49,1,0,2
BRDA:49,1,1,2
BRDA:58,2,0,4
BRDA:58,2,1,0
BRDA:60,3,0,0
BRDA:60,3,1,0
BRDA:86,4,0,32
BRDA:86,4,1,15
BRDA:88,5,0,4
BRDA:88,5,1,11
BRDA:90,6,0,9
BRDA:90,6,1,2
BRDA:101,7,0,14
BRDA:101,7,1,14
BRDA:120,8,0,31
BRDA:120,8,1,16
BRDA:121,9,0,47
BRDA:121,9,1,16
BRDA:121,10,0,31
BRDA:121,10,1,16
BRDA:125,11,0,4
BRDA:125,11,1,0
BRDA:126,12,0,0
BRDA:126,12,1,4
BRDA:129,13,0,4
BRDA:129,13,1,0
BRDA:138,14,0,14
BRDA:138,14,1,0
BRDA:139,15,0,0
BRDA:139,15,1,14
BRDA:157,16,0,33
BRDA:157,16,1,0
BRDA:161,17,0,0
BRDA:161,17,1,33
BRDA:164,18,0,10
BRDA:164,18,1,23
BRDA:164,19,0,33
BRDA:164,19,1,29
BRDA:167,20,0,10
BRDA:167,20,1,23
BRDA:167,21,0,33
BRDA:167,21,1,25
BRDA:172,22,0,0
BRDA:172,22,1,8
BRDA:180,23,0,37
BRDA:180,23,1,0
BRDA:185,24,0,33
BRDA:185,24,1,4
BRDA:194,25,0,23
BRDA:194,25,1,14
BRF:50
BRH:38
end_of_record
TN:
SF:/Users/phil/github/openstax/tutor-js/node_modules/openstax-react-components/src/components/pinned-header-footer-card/sections.cjsx
FN:10,(anonymous_1)
FN:29,(anonymous_2)
FN:34,(anonymous_3)
FN:55,(anonymous_4)
FN:60,(anonymous_5)
FNF:5
FNH:5
FNDA:23,(anonymous_1)
FNDA:21,(anonymous_2)
FNDA:6,(anonymous_3)
FNDA:21,(anonymous_4)
FNDA:168,(anonymous_5)
DA:1,21
DA:3,21
DA:5,21
DA:11,23
DA:12,23
DA:13,23
DA:14,23
DA:15,0
DA:17,23
DA:23,21
DA:30,21
DA:35,6
DA:36,6
DA:37,6
DA:38,6
DA:39,6
DA:40,0
DA:42,6
DA:48,21
DA:56,21
DA:61,168
DA:62,168
DA:63,168
DA:64,168
DA:65,168
DA:67,168
DA:68,6
DA:73,168
DA:79,21
LF:29
LH:27
BRDA:14,1,0,0
BRDA:14,1,1,23
BRDA:37,2,0,6
BRDA:37,2,1,0
BRDA:39,3,0,0
BRDA:39,3,1,6
BRDA:64,4,0,168
BRDA:64,4,1,0
BRDA:67,5,0,6
BRDA:67,5,1,162
BRF:10
BRH:6
end_of_record
TN:
SF:/Users/phil/github/openstax/tutor-js/node_modules/openstax-react-components/src/components/question/answer.cjsx
FN:2,(anonymous_1)
FN:18,(anonymous_2)
FN:27,(anonymous_3)
FN:53,(anonymous_4)
FN:59,(anonymous_5)
FN:64,(anonymous_6)
FN:71,(anonymous_7)
FN:81,(anonymous_8)
FN:89,(anonymous_9)
FN:99,(anonymous_10)
FNF:10
FNH:8
FNDA:0,(anonymous_1)
FNDA:660,(anonymous_2)
FNDA:660,(anonymous_3)
FNDA:21,(anonymous_4)
FNDA:112,(anonymous_5)
FNDA:112,(anonymous_6)
FNDA:548,(anonymous_7)
FNDA:1208,(anonymous_8)
FNDA:0,(anonymous_9)
FNDA:660,(anonymous_10)
DA:1,21
DA:2,0
DA:4,21
DA:6,21
DA:8,21
DA:10,21
DA:12,21
DA:14,21
DA:16,21
DA:18,21
DA:19,660
DA:20,660
DA:21,660
DA:22,648
DA:24,660
DA:27,21
DA:28,660
DA:29,660
DA:32,21
DA:54,21
DA:60,112
DA:61,0
DA:65,112
DA:66,112
DA:67,112
DA:68,108
DA:72,548
DA:73,548
DA:74,548
DA:75,0
DA:77,548
DA:78,0
DA:82,1208
DA:83,1208
DA:84,660
DA:86,1208
DA:87,1208
DA:90,0
DA:91,0
DA:92,0
DA:93,0
DA:94,0
DA:100,660
DA:101,660
DA:102,660
DA:103,0
DA:105,660
DA:106,660
DA:107,660
DA:111,660
DA:112,0
DA:122,660
DA:123,660
DA:124,660
DA:130,660
DA:131,0
DA:135,660
DA:136,660
DA:152,21
LF:59
LH:47
BRDA:2,1,0,21
BRDA:2,1,1,0
BRDA:2,2,0,0
BRDA:2,2,1,0
BRDA:2,3,0,0
BRDA:2,3,1,0
BRDA:21,4,0,648
BRDA:21,4,1,12
BRDA:60,5,0,0
BRDA:60,5,1,112
BRDA:67,6,0,108
BRDA:67,6,1,4
BRDA:74,7,0,0
BRDA:74,7,1,548
BRDA:74,8,0,548
BRDA:74,8,1,0
BRDA:77,9,0,0
BRDA:77,9,1,548
BRDA:77,10,0,548
BRDA:77,10,1,0
BRDA:83,11,0,660
BRDA:83,11,1,548
BRDA:87,12,0,1208
BRDA:87,12,1,1188
BRDA:102,13,0,0
BRDA:102,13,1,660
BRDA:111,14,0,0
BRDA:111,14,1,660
BRDA:111,15,0,660
BRDA:111,15,1,648
BRDA:122,16,0,660
BRDA:122,16,1,0
BRDA:123,17,0,660
BRDA:123,17,1,366
BRDA:130,18,0,0
BRDA:130,18,1,660
BRDA:130,19,0,660
BRDA:130,19,1,0
BRF:38
BRH:23
end_of_record
TN:
SF:/Users/phil/github/openstax/tutor-js/node_modules/openstax-react-components/src/components/question/answers-table.cjsx
FN:2,(anonymous_1)
FN:30,(anonymous_2)
FN:49,(anonymous_3)
FN:56,(anonymous_4)
FN:61,(anonymous_5)
FN:73,(anonymous_6)
FN:94,(anonymous_7)
FN:96,(anonymous_8)
FNF:8
FNH:6
FNDA:0,(anonymous_1)
FNDA:660,(anonymous_2)
FNDA:21,(anonymous_3)
FNDA:28,(anonymous_4)
FNDA:0,(anonymous_5)
FNDA:165,(anonymous_6)
FNDA:660,(anonymous_7)
FNDA:660,(anonymous_8)
DA:1,21
DA:2,0
DA:4,21
DA:6,21
DA:8,21
DA:10,21
DA:14,21
DA:16,21
DA:18,21
DA:20,21
DA:22,21
DA:24,21
DA:26,21
DA:28,21
DA:30,21
DA:31,660
DA:32,660
DA:35,21
DA:50,21
DA:57,28
DA:62,0
DA:63,0
DA:64,0
DA:67,0
DA:69,0
DA:70,0
DA:74,165
DA:75,165
DA:76,165
DA:77,165
DA:78,0
DA:80,165
DA:81,165
DA:82,165
DA:83,165
DA:94,165
DA:95,660
DA:97,660
DA:98,660
DA:104,660
DA:105,660
DA:106,3
DA:108,660
DA:110,165
DA:111,3
DA:115,165
DA:116,3
DA:118,165
DA:124,21
LF:49
LH:41
BRDA:2,1,0,21
BRDA:2,1,1,0
BRDA:2,2,0,0
BRDA:2,2,1,0
BRDA:2,3,0,0
BRDA:2,3,1,0
BRDA:63,4,0,0
BRDA:63,4,1,0
BRDA:70,5,0,0
BRDA:70,5,1,0
BRDA:77,6,0,0
BRDA:77,6,1,165
BRDA:77,7,0,165
BRDA:77,7,1,0
BRDA:84,8,0,165
BRDA:84,8,1,0
BRDA:102,9,0,648
BRDA:102,9,1,12
BRDA:105,10,0,3
BRDA:105,10,1,657
BRDA:110,11,0,3
BRDA:110,11,1,162
BRDA:115,12,0,3
BRDA:115,12,1,162
BRDA:115,13,0,165
BRDA:115,13,1,3
BRF:26
BRH:14
end_of_record
TN:
SF:/Users/phil/github/openstax/tutor-js/node_modules/openstax-react-components/src/components/question/feedback.cjsx
FN:17,(anonymous_1)
FN:25,(anonymous_2)
FNF:2
FNH:2
FNDA:21,(anonymous_1)
FNDA:3,(anonymous_2)
DA:1,21
DA:3,21
DA:5,21
DA:7,21
DA:9,21
DA:11,21
DA:18,21
DA:26,3
DA:27,3
DA:28,3
DA:29,3
DA:41,21
LF:12
LH:12
BRF:0
BRH:0
end_of_record
TN:
SF:/Users/phil/github/openstax/tutor-js/node_modules/openstax-react-components/src/components/question/index.cjsx
FN:23,(anonymous_1)
FN:32,(anonymous_2)
FN:57,(anonymous_3)
FN:62,(anonymous_4)
FNF:4
FNH:4
FNDA:21,(anonymous_1)
FNDA:330,(anonymous_2)
FNDA:330,(anonymous_3)
FNDA:165,(anonymous_4)
DA:1,21
DA:3,21
DA:5,21
DA:7,21
DA:9,21
DA:11,21
DA:13,21
DA:15,21
DA:17,21
DA:24,21
DA:33,330
DA:34,330
DA:35,330
DA:36,165
DA:38,165
DA:39,165
DA:47,21
DA:58,330
DA:63,165
DA:64,165
DA:65,165
DA:66,165
DA:67,165
DA:70,165
DA:84,21
LF:25
LH:25
BRDA:35,1,0,165
BRDA:35,1,1,165
BRF:2
BRH:2
end_of_record
TN:
SF:/Users/phil/github/openstax/tutor-js/node_modules/openstax-react-components/src/components/resize-listener-mixin.cjsx
FN:11,(anonymous_1)
FN:16,(anonymous_2)
FN:23,(anonymous_3)
FN:26,(anonymous_4)
FN:30,(anonymous_5)
FN:33,(anonymous_6)
FN:44,(anonymous_7)
FN:53,(anonymous_8)
FN:67,(anonymous_9)
FNF:9
FNH:8
FNDA:105,(anonymous_1)
FNDA:23,(anonymous_2)
FNDA:23,(anonymous_3)
FNDA:23,(anonymous_4)
FNDA:20,(anonymous_5)
FNDA:0,(anonymous_6)
FNDA:48,(anonymous_7)
FNDA:18,(anonymous_8)
FNDA:21,(anonymous_9)
DA:1,21
DA:3,21
DA:5,21
DA:7,21
DA:12,105
DA:17,23
DA:24,23
DA:27,23
DA:28,23
DA:31,20
DA:34,0
DA:35,0
DA:36,0
DA:37,0
DA:41,0
DA:42,0
DA:45,48
DA:46,48
DA:47,48
DA:48,48
DA:54,18
DA:55,18
DA:56,0
DA:61,18
DA:62,18
DA:68,21
DA:69,21
DA:70,3
DA:72,18
DA:73,18
DA:74,18
DA:78,18
LF:32
LH:25
BRDA:24,1,0,23
BRDA:24,1,1,23
BRDA:42,2,0,0
BRDA:42,2,1,0
BRDA:55,3,0,0
BRDA:55,3,1,18
BRDA:69,4,0,3
BRDA:69,4,1,18
BRF:8
BRH:5
end_of_record
TN:
SF:/Users/phil/github/openstax/tutor-js/node_modules/openstax-react-components/src/components/smart-overflow.cjsx
FN:16,(anonymous_1)
FN:23,(anonymous_2)
FN:30,(anonymous_3)
FN:35,(anonymous_4)
FN:40,(anonymous_5)
FN:52,(anonymous_6)
FN:68,(anonymous_7)
FNF:7
FNH:7
FNDA:2,(anonymous_1)
FNDA:21,(anonymous_2)
FNDA:3,(anonymous_3)
FNDA:2,(anonymous_4)
FNDA:14,(anonymous_5)
FNDA:2,(anonymous_6)
FNDA:16,(anonymous_7)
DA:1,21
DA:3,21
DA:5,21
DA:7,21
DA:9,21
DA:11,21
DA:17,2
DA:24,21
DA:31,3
DA:32,3
DA:33,3
DA:36,2
DA:37,2
DA:38,2
DA:41,14
DA:42,14
DA:43,2
DA:44,2
DA:47,2
DA:48,2
DA:49,2
DA:53,2
DA:54,2
DA:55,1
DA:56,1
DA:57,1
DA:62,1
DA:64,2
DA:69,16
DA:70,16
DA:71,16
DA:72,16
DA:79,21
LF:33
LH:33
BRDA:42,1,0,2
BRDA:42,1,1,12
BRDA:42,2,0,14
BRDA:42,2,1,4
BRDA:54,3,0,1
BRDA:54,3,1,1
BRDA:54,4,0,2
BRDA:54,4,1,0
BRF:8
BRH:7
end_of_record
TN:
SF:/Users/phil/github/openstax/tutor-js/node_modules/openstax-react-components/src/components/spy-mode.cjsx
FN:11,(anonymous_1)
FN:16,(anonymous_2)
FN:22,(anonymous_3)
FN:39,(anonymous_4)
FNF:4
FNH:3
FNDA:21,(anonymous_1)
FNDA:0,(anonymous_2)
FNDA:98,(anonymous_3)
FNDA:134,(anonymous_4)
DA:1,21
DA:3,21
DA:5,21
DA:7,21
DA:12,21
DA:17,0
DA:20,0
DA:23,98
DA:35,21
DA:40,134
DA:46,21
LF:11
LH:9
BRF:0
BRH:0
end_of_record
TN:
SF:/Users/phil/github/openstax/tutor-js/node_modules/openstax-react-components/src/helpers/keys.coffee
FN:10,(anonymous_1)
FN:17,(anonymous_2)
FN:29,(anonymous_3)
FNF:3
FNH:3
FNDA:108,(anonymous_1)
FNDA:216,(anonymous_2)
FNDA:189,(anonymous_3)
DA:1,21
DA:4,21
DA:6,21
DA:8,21
DA:10,21
DA:11,108
DA:12,108
DA:13,108
DA:14,0
DA:16,108
DA:17,108
DA:18,216
DA:21,0
DA:25,21
DA:27,21
DA:29,21
DA:30,189
DA:31,189
DA:33,189
DA:36,21
LF:20
LH:18
BRDA:12,1,0,108
BRDA:12,1,1,0
BRDA:13,2,0,0
BRDA:13,2,1,108
BRDA:16,3,0,108
BRDA:16,3,1,0
BRDA:30,4,0,189
BRDA:30,4,1,0
BRF:8
BRH:4
end_of_record
TN:
SF:/Users/phil/github/openstax/tutor-js/node_modules/openstax-react-components/src/helpers/mathjax.coffee
FN:17,(anonymous_1)
FN:25,(anonymous_2)
FN:41,(anonymous_3)
FN:54,(anonymous_4)
FN:61,(anonymous_5)
FN:82,(anonymous_6)
FNF:6
FNH:6
FNDA:116,(anonymous_1)
FNDA:2,(anonymous_2)
FNDA:2,(anonymous_3)
FNDA:143,(anonymous_4)
FNDA:21,(anonymous_5)
FNDA:21,(anonymous_6)
DA:1,21
DA:3,21
DA:5,21
DA:7,21
DA:9,21
DA:11,21
DA:13,21
DA:15,21
DA:17,21
DA:18,116
DA:19,116
DA:21,116
DA:22,116
DA:25,21
DA:26,2
DA:27,2
DA:28,2
DA:29,2
DA:30,116
DA:31,116
DA:32,116
DA:33,0
DA:35,116
DA:37,116
DA:39,2
DA:40,2
DA:41,2
DA:42,2
DA:43,2
DA:44,2
DA:45,116
DA:46,116
DA:48,2
DA:52,21
DA:54,21
DA:55,143
DA:56,143
DA:57,64
DA:61,21
DA:62,21
DA:63,21
DA:82,21
DA:83,21
DA:85,21
DA:86,21
DA:87,21
DA:88,21
DA:90,0
DA:91,0
DA:95,21
LF:50
LH:47
BRDA:18,1,0,116
BRDA:18,1,1,0
BRDA:32,2,0,0
BRDA:32,2,1,116
BRDA:56,3,0,64
BRDA:56,3,1,79
BRDA:56,4,0,143
BRDA:56,4,1,143
BRDA:56,5,0,143
BRDA:56,5,1,0
BRDA:56,6,0,143
BRDA:56,6,1,0
BRDA:85,7,0,21
BRDA:85,7,1,0
BRDA:85,8,0,21
BRDA:85,8,1,0
BRF:16
BRH:10
end_of_record
TN:
SF:/Users/phil/github/openstax/tutor-js/src/api.coffee
FN:62,(anonymous_1)
FN:66,(anonymous_2)
FN:75,(anonymous_3)
FN:76,(anonymous_4)
FN:79,(anonymous_5)
FN:106,(anonymous_6)
FN:110,(anonymous_7)
FN:148,(anonymous_8)
FN:157,(anonymous_9)
FN:162,(anonymous_10)
FN:186,(anonymous_11)
FN:191,(anonymous_12)
FN:196,(anonymous_13)
FN:206,(anonymous_14)
FN:211,(anonymous_15)
FN:216,(anonymous_16)
FN:221,(anonymous_17)
FN:227,(anonymous_18)
FN:233,(anonymous_19)
FN:239,(anonymous_20)
FN:244,(anonymous_21)
FN:249,(anonymous_22)
FN:254,(anonymous_23)
FN:261,(anonymous_24)
FN:266,(anonymous_25)
FN:271,(anonymous_26)
FN:276,(anonymous_27)
FN:281,(anonymous_28)
FN:286,(anonymous_29)
FN:291,(anonymous_30)
FN:296,(anonymous_31)
FN:302,(anonymous_32)
FN:308,(anonymous_33)
FN:313,(anonymous_34)
FN:319,(anonymous_35)
FN:325,(anonymous_36)
FN:330,(anonymous_37)
FN:338,(anonymous_38)
FN:343,(anonymous_39)
FN:348,(anonymous_40)
FN:356,(anonymous_41)
FN:364,(anonymous_42)
FN:369,(anonymous_43)
FN:374,(anonymous_44)
FN:379,(anonymous_45)
FN:384,(anonymous_46)
FN:389,(anonymous_47)
FN:394,(anonymous_48)
FN:399,(anonymous_49)
FN:406,(anonymous_50)
FN:411,(anonymous_51)
FN:416,(anonymous_52)
FNF:52
FNH:24
FNDA:120,(anonymous_1)
FNDA:93,(anonymous_2)
FNDA:924,(anonymous_3)
FNDA:120,(anonymous_4)
FNDA:116,(anonymous_5)
FNDA:93,(anonymous_6)
FNDA:0,(anonymous_7)
FNDA:21,(anonymous_8)
FNDA:2,(anonymous_9)
FNDA:6,(anonymous_10)
FNDA:3,(anonymous_11)
FNDA:3,(anonymous_12)
FNDA:0,(anonymous_13)
FNDA:12,(anonymous_14)
FNDA:0,(anonymous_15)
FNDA:0,(anonymous_16)
FNDA:0,(anonymous_17)
FNDA:7,(anonymous_18)
FNDA:0,(anonymous_19)
FNDA:15,(anonymous_20)
FNDA:2,(anonymous_21)
FNDA:2,(anonymous_22)
FNDA:2,(anonymous_23)
FNDA:17,(anonymous_24)
FNDA:13,(anonymous_25)
FNDA:0,(anonymous_26)
FNDA:2,(anonymous_27)
FNDA:0,(anonymous_28)
FNDA:0,(anonymous_29)
FNDA:0,(anonymous_30)
FNDA:0,(anonymous_31)
FNDA:0,(anonymous_32)
FNDA:0,(anonymous_33)
FNDA:0,(anonymous_34)
FNDA:0,(anonymous_35)
FNDA:0,(anonymous_36)
FNDA:2,(anonymous_37)
FNDA:0,(anonymous_38)
FNDA:0,(anonymous_39)
FNDA:0,(anonymous_40)
FNDA:0,(anonymous_41)
FNDA:0,(anonymous_42)
FNDA:2,(anonymous_43)
FNDA:24,(anonymous_44)
FNDA:0,(anonymous_45)
FNDA:0,(anonymous_46)
FNDA:0,(anonymous_47)
FNDA:0,(anonymous_48)
FNDA:0,(anonymous_49)
FNDA:0,(anonymous_50)
FNDA:2,(anonymous_51)
FNDA:0,(anonymous_52)
DA:1,21
DA:4,21
DA:6,21
DA:8,21
DA:10,21
DA:12,21
DA:14,21
DA:16,21
DA:18,21
DA:20,21
DA:22,21
DA:24,21
DA:26,21
DA:28,21
DA:30,21
DA:32,21
DA:34,21
DA:36,21
DA:38,21
DA:40,21
DA:42,21
DA:44,21
DA:46,21
DA:48,21
DA:50,21
DA:52,21
DA:54,21
DA:56,21
DA:58,21
DA:60,21
DA:62,21
DA:63,120
DA:66,21
DA:67,93
DA:68,93
DA:69,93
DA:70,0
DA:72,93
DA:75,21
DA:76,924
DA:77,120
DA:78,120
DA:79,120
DA:80,116
DA:81,116
DA:82,116
DA:91,116
DA:92,6
DA:93,6
DA:94,6
DA:96,116
DA:97,116
DA:98,0
DA:99,0
DA:100,0
DA:102,0
DA:103,0
DA:106,116
DA:107,93
DA:108,93
DA:110,116
DA:111,0
DA:112,0
DA:113,0
DA:114,0
DA:118,0
DA:119,0
DA:120,0
DA:121,0
DA:122,0
DA:124,0
DA:126,0
DA:127,0
DA:129,0
DA:130,0
DA:132,0
DA:133,0
DA:135,0
DA:138,116
DA:143,21
DA:148,21
DA:149,21
DA:150,21
DA:151,42
DA:152,42
DA:153,42
DA:154,42
DA:157,21
DA:158,2
DA:162,21
DA:163,6
DA:164,6
DA:165,6
DA:166,3
DA:167,0
DA:169,3
DA:170,3
DA:171,3
DA:177,3
DA:184,21
DA:185,21
DA:186,21
DA:187,3
DA:191,21
DA:192,3
DA:196,21
DA:197,0
DA:198,0
DA:199,0
DA:201,0
DA:202,0
DA:206,21
DA:207,12
DA:211,21
DA:212,0
DA:216,21
DA:217,0
DA:221,21
DA:222,0
DA:227,21
DA:228,7
DA:232,21
DA:233,21
DA:234,0
DA:239,21
DA:240,15
DA:244,21
DA:245,2
DA:249,21
DA:250,2
DA:254,21
DA:255,2
DA:256,2
DA:257,2
DA:261,21
DA:262,17
DA:266,21
DA:267,13
DA:271,21
DA:272,0
DA:276,21
DA:277,2
DA:281,21
DA:282,0
DA:286,21
DA:287,0
DA:291,21
DA:292,0
DA:296,21
DA:297,0
DA:302,21
DA:303,0
DA:308,21
DA:309,0
DA:313,21
DA:314,0
DA:319,21
DA:320,0
DA:325,21
DA:326,0
DA:330,21
DA:331,2
DA:332,0
DA:334,2
DA:338,21
DA:339,0
DA:343,21
DA:344,0
DA:348,21
DA:349,0
DA:356,21
DA:357,0
DA:364,21
DA:365,0
DA:369,21
DA:370,2
DA:374,21
DA:375,24
DA:379,21
DA:380,0
DA:384,21
DA:385,0
DA:389,21
DA:390,0
DA:394,21
DA:395,0
DA:399,21
DA:400,0
DA:406,21
DA:407,0
DA:411,21
DA:412,2
DA:416,21
DA:417,0
DA:418,0
DA:422,21
LF:196
LH:139
BRDA:60,1,0,21
BRDA:60,1,1,21
BRDA:69,2,0,0
BRDA:69,2,1,93
BRDA:78,3,0,120
BRDA:78,3,1,0
BRDA:83,4,0,116
BRDA:83,4,1,3
BRDA:91,5,0,6
BRDA:91,5,1,110
BRDA:97,6,0,0
BRDA:97,6,1,116
BRDA:99,7,0,0
BRDA:99,7,1,0
BRDA:118,8,0,0
BRDA:118,8,1,0
BRDA:120,9,0,0
BRDA:120,9,1,0
BRDA:120,10,0,0
BRDA:120,10,1,0
BRDA:120,10,2,0
BRDA:121,11,0,0
BRDA:121,11,1,0
BRDA:121,12,0,0
BRDA:121,12,1,0
BRDA:126,13,0,0
BRDA:126,13,1,0
BRDA:153,14,0,42
BRDA:153,14,1,0
BRDA:165,15,0,3
BRDA:165,15,1,3
BRDA:166,16,0,0
BRDA:166,16,1,3
BRDA:198,17,0,0
BRDA:198,17,1,0
BRDA:232,18,0,0
BRDA:232,18,1,21
BRDA:331,19,0,0
BRDA:331,19,1,2
BRDA:331,20,0,2
BRDA:331,20,1,0
BRF:41
BRH:16
end_of_record
TN:
SF:/Users/phil/github/openstax/tutor-js/src/components/app.cjsx
FN:20,(anonymous_1)
FN:25,(anonymous_2)
FN:28,(anonymous_3)
FN:33,(anonymous_4)
FN:37,(anonymous_5)
FNF:5
FNH:4
FNDA:21,(anonymous_1)
FNDA:0,(anonymous_2)
FNDA:21,(anonymous_3)
FNDA:112,(anonymous_4)
FNDA:98,(anonymous_5)
DA:1,21
DA:3,21
DA:5,21
DA:7,21
DA:9,21
DA:11,21
DA:13,21
DA:15,21
DA:21,21
DA:22,21
DA:23,21
DA:26,0
DA:29,21
DA:34,112
DA:35,112
DA:38,98
LF:16
LH:15
BRF:0
BRH:0
end_of_record
TN:
SF:/Users/phil/github/openstax/tutor-js/src/components/bind-store-mixin.cjsx
FN:4,(anonymous_1)
FN:7,(anonymous_2)
FN:10,(anonymous_3)
FN:19,(anonymous_4)
FN:30,(anonymous_5)
FN:40,(anonymous_6)
FN:43,(anonymous_7)
FNF:7
FNH:7
FNDA:192,(anonymous_1)
FNDA:300,(anonymous_2)
FNDA:366,(anonymous_3)
FNDA:192,(anonymous_4)
FNDA:108,(anonymous_5)
FNDA:192,(anonymous_6)
FNDA:108,(anonymous_7)
DA:1,21
DA:3,21
DA:5,192
DA:8,300
DA:11,366
DA:12,366
DA:13,366
DA:14,235
DA:16,131
DA:20,192
DA:21,192
DA:22,192
DA:23,15
DA:25,192
DA:26,192
DA:27,192
DA:31,108
DA:32,108
DA:33,12
DA:35,108
DA:36,108
DA:37,108
DA:41,192
DA:44,108
LF:24
LH:24
BRDA:5,1,0,192
BRDA:5,1,1,171
BRDA:5,1,2,69
BRDA:8,2,0,300
BRDA:8,2,1,114
BRDA:8,3,0,186
BRDA:8,3,1,114
BRDA:12,4,0,0
BRDA:12,4,1,366
BRDA:13,5,0,235
BRDA:13,5,1,131
BRDA:22,6,0,15
BRDA:22,6,1,177
BRDA:26,7,0,192
BRDA:26,7,1,0
BRDA:32,8,0,12
BRDA:32,8,1,96
BRDA:36,9,0,108
BRDA:36,9,1,0
BRF:19
BRH:16
end_of_record
TN:
SF:/Users/phil/github/openstax/tutor-js/src/components/book-content-mixin.cjsx
FN:26,(anonymous_1)
FN:29,(anonymous_2)
FN:32,(anonymous_3)
FN:38,(anonymous_4)
FN:43,(anonymous_5)
FN:72,(anonymous_6)
FN:75,(anonymous_7)
FN:80,(anonymous_8)
FN:85,(anonymous_9)
FN:89,(anonymous_10)
FN:93,(anonymous_11)
FN:114,(anonymous_12)
FN:122,(anonymous_13)
FN:125,(anonymous_14)
FN:147,(anonymous_15)
FN:152,(anonymous_16)
FN:160,(anonymous_17)
FN:184,(anonymous_18)
FN:201,(anonymous_19)
FNF:19
FNH:9
FNDA:0,(anonymous_1)
FNDA:0,(anonymous_2)
FNDA:1,(anonymous_3)
FNDA:0,(anonymous_4)
FNDA:0,(anonymous_5)
FNDA:0,(anonymous_6)
FNDA:0,(anonymous_7)
FNDA:0,(anonymous_8)
FNDA:1,(anonymous_9)
FNDA:0,(anonymous_10)
FNDA:0,(anonymous_11)
FNDA:0,(anonymous_12)
FNDA:3,(anonymous_13)
FNDA:3,(anonymous_14)
FNDA:1,(anonymous_15)
FNDA:2,(anonymous_16)
FNDA:3,(anonymous_17)
FNDA:3,(anonymous_18)
FNDA:1,(anonymous_19)
DA:1,21
DA:3,21
DA:5,21
DA:7,21
DA:9,21
DA:11,21
DA:13,21
DA:15,21
DA:17,21
DA:19,21
DA:21,21
DA:23,21
DA:25,21
DA:27,0
DA:30,0
DA:33,1
DA:39,0
DA:40,0
DA:41,0
DA:44,0
DA:45,0
DA:46,0
DA:47,0
DA:48,0
DA:50,0
DA:51,0
DA:53,0
DA:54,0
DA:55,0
DA:56,0
DA:57,0
DA:58,0
DA:64,0
DA:65,0
DA:70,0
DA:73,0
DA:76,0
DA:77,0
DA:78,0
DA:81,0
DA:82,0
DA:83,0
DA:86,1
DA:87,1
DA:88,1
DA:89,1
DA:90,0
DA:94,0
DA:95,0
DA:96,0
DA:97,0
DA:99,0
DA:100,0
DA:101,0
DA:102,0
DA:103,0
DA:111,0
DA:112,0
DA:115,0
DA:116,0
DA:117,0
DA:119,0
DA:123,3
DA:126,3
DA:127,3
DA:128,0
DA:130,3
DA:131,3
DA:132,3
DA:133,3
DA:134,3
DA:135,0
DA:136,0
DA:139,3
DA:140,0
DA:145,21
DA:148,1
DA:149,1
DA:150,1
DA:153,2
DA:154,2
DA:155,2
DA:161,3
DA:162,3
DA:163,3
DA:164,0
DA:166,3
DA:167,3
DA:168,3
DA:169,3
DA:170,3
DA:171,3
DA:172,0
DA:174,3
DA:175,3
DA:176,2
DA:178,1
DA:179,1
DA:180,1
DA:182,3
DA:185,3
DA:186,3
DA:187,3
DA:188,3
DA:189,3
DA:190,3
DA:191,3
DA:192,0
DA:194,3
DA:197,3
DA:201,21
DA:202,1
DA:203,1
DA:204,1
DA:205,1
DA:207,0
DA:208,0
DA:209,0
DA:210,0
DA:213,0
DA:217,21
DA:219,21
LF:122
LH:66
BRDA:47,1,0,0
BRDA:47,1,1,0
BRDA:47,2,0,0
BRDA:47,2,1,0
BRDA:48,3,0,0
BRDA:48,3,1,0
BRDA:50,4,0,0
BRDA:50,4,1,0
BRDA:53,5,0,0
BRDA:53,5,1,0
BRDA:54,6,0,0
BRDA:54,6,1,0
BRDA:55,7,0,0
BRDA:55,7,1,0
BRDA:56,8,0,0
BRDA:56,8,1,0
BRDA:56,9,0,0
BRDA:56,9,1,0
BRDA:56,10,0,0
BRDA:56,10,1,0
BRDA:56,11,0,0
BRDA:56,11,1,0
BRDA:57,12,0,0
BRDA:57,12,1,0
BRDA:64,13,0,0
BRDA:64,13,1,0
BRDA:73,14,0,0
BRDA:73,14,1,0
BRDA:73,14,2,0
BRDA:78,15,0,0
BRDA:78,15,1,0
BRDA:96,16,0,0
BRDA:96,16,1,0
BRDA:99,17,0,0
BRDA:99,17,1,0
BRDA:99,17,2,0
BRDA:99,18,0,0
BRDA:99,18,1,0
BRDA:108,19,0,0
BRDA:108,19,1,0
BRDA:115,20,0,0
BRDA:115,20,1,0
BRDA:127,21,0,0
BRDA:127,21,1,3
BRDA:134,22,0,0
BRDA:134,22,1,3
BRDA:134,23,0,3
BRDA:134,23,1,0
BRDA:135,24,0,0
BRDA:135,24,1,0
BRDA:139,25,0,0
BRDA:139,25,1,3
BRDA:139,26,0,3
BRDA:139,26,1,0
BRDA:140,27,0,0
BRDA:140,27,1,0
BRDA:163,28,0,0
BRDA:163,28,1,3
BRDA:171,29,0,0
BRDA:171,29,1,3
BRDA:175,30,0,2
BRDA:175,30,1,1
BRDA:191,31,0,0
BRDA:191,31,1,3
BRDA:204,32,0,1
BRDA:204,32,1,0
BRDA:207,33,0,0
BRDA:207,33,1,0
BRDA:209,34,0,0
BRDA:209,34,1,0
BRF:70
BRH:11
end_of_record
TN:
SF:/Users/phil/github/openstax/tutor-js/src/components/breadcrumb/index.cjsx
FN:15,(anonymous_1)
FN:18,(anonymous_2)
FN:29,(anonymous_3)
FN:44,(anonymous_4)
FN:54,(anonymous_5)
FN:59,(anonymous_6)
FN:62,(anonymous_7)
FN:66,(anonymous_8)
FN:81,(anonymous_9)
FN:88,(anonymous_10)
FN:95,(anonymous_11)
FNF:11
FNH:9
FNDA:21,(anonymous_1)
FNDA:21,(anonymous_2)
FNDA:21,(anonymous_3)
FNDA:39,(anonymous_4)
FNDA:39,(anonymous_5)
FNDA:39,(anonymous_6)
FNDA:39,(anonymous_7)
FNDA:39,(anonymous_8)
FNDA:0,(anonymous_9)
FNDA:0,(anonymous_10)
FNDA:195,(anonymous_11)
DA:1,21
DA:3,21
DA:5,21
DA:7,21
DA:9,21
DA:11,21
DA:13,21
DA:16,21
DA:19,21
DA:20,21
DA:21,21
DA:22,21
DA:23,21
DA:25,21
DA:30,21
DA:31,21
DA:32,21
DA:33,21
DA:34,2
DA:36,21
DA:42,21
DA:45,39
DA:46,39
DA:47,39
DA:48,39
DA:49,39
DA:50,0
DA:51,0
DA:55,39
DA:56,39
DA:57,39
DA:60,39
DA:63,39
DA:64,39
DA:67,39
DA:68,39
DA:69,39
DA:70,39
DA:71,37
DA:73,39
DA:74,37
DA:76,39
DA:82,0
DA:83,0
DA:84,0
DA:85,0
DA:89,0
DA:90,0
DA:91,0
DA:92,0
DA:96,195
DA:97,195
DA:98,195
DA:99,195
DA:105,21
LF:55
LH:45
BRDA:22,1,0,21
BRDA:22,1,1,0
BRDA:33,2,0,2
BRDA:33,2,1,19
BRDA:49,3,0,0
BRDA:49,3,1,39
BRDA:49,4,0,39
BRDA:49,4,1,37
BRDA:64,5,0,39
BRDA:64,5,1,0
BRDA:70,6,0,37
BRDA:70,6,1,2
BRDA:73,7,0,37
BRDA:73,7,1,2
BRDA:73,8,0,39
BRDA:73,8,1,37
BRDA:84,9,0,0
BRDA:84,9,1,0
BRDA:91,10,0,0
BRDA:91,10,1,0
BRF:20
BRH:13
end_of_record
TN:
SF:/Users/phil/github/openstax/tutor-js/src/components/buttons/back-button.cjsx
FN:23,(anonymous_1)
FN:31,(anonymous_2)
FNF:2
FNH:2
FNDA:21,(anonymous_1)
FNDA:2,(anonymous_2)
DA:1,21
DA:3,21
DA:5,21
DA:7,21
DA:9,21
DA:11,21
DA:13,21
DA:24,21
DA:32,2
DA:33,2
DA:34,2
DA:35,2
DA:36,2
DA:37,2
DA:38,2
DA:45,21
LF:16
LH:16
BRDA:36,1,0,2
BRDA:36,1,1,0
BRDA:37,2,0,2
BRDA:37,2,1,0
BRF:4
BRH:2
end_of_record
TN:
SF:/Users/phil/github/openstax/tutor-js/src/components/buttons/browse-the-book.cjsx
FN:16,(anonymous_1)
FN:30,(anonymous_2)
FN:45,(anonymous_3)
FN:67,(anonymous_4)
FNF:4
FNH:4
FNDA:21,(anonymous_1)
FNDA:930,(anonymous_2)
FNDA:930,(anonymous_3)
FNDA:1007,(anonymous_4)
DA:1,21
DA:3,21
DA:5,21
DA:7,21
DA:9,21
DA:11,21
DA:17,21
DA:31,930
DA:32,930
DA:35,930
DA:36,780
DA:38,930
DA:39,63
DA:41,930
DA:42,930
DA:43,930
DA:46,930
DA:47,930
DA:48,930
DA:49,930
DA:50,930
DA:51,150
DA:56,930
DA:57,930
DA:68,1007
DA:69,1007
DA:70,1007
DA:71,77
DA:73,930
DA:74,930
DA:75,930
DA:76,930
LF:32
LH:32
BRDA:35,1,0,780
BRDA:35,1,1,150
BRDA:38,2,0,63
BRDA:38,2,1,867
BRDA:47,3,0,930
BRDA:47,3,1,0
BRDA:49,4,0,930
BRDA:49,4,1,0
BRDA:50,5,0,150
BRDA:50,5,1,780
BRDA:56,6,0,0
BRDA:56,6,1,930
BRDA:56,7,0,789
BRDA:56,7,1,141
BRDA:69,8,0,1007
BRDA:69,8,1,844
BRDA:70,9,0,77
BRDA:70,9,1,930
BRDA:70,10,0,1007
BRDA:70,10,1,952
BRDA:70,11,0,952
BRDA:70,11,1,0
BRDA:75,12,0,930
BRDA:75,12,1,139
BRF:24
BRH:20
end_of_record
TN:
SF:/Users/phil/github/openstax/tutor-js/src/components/buttons/practice-button.cjsx
FN:17,(anonymous_1)
FN:28,(anonymous_2)
FNF:2
FNH:0
FNDA:0,(anonymous_1)
FNDA:0,(anonymous_2)
DA:1,21
DA:3,21
DA:5,21
DA:7,21
DA:18,0
DA:19,0
DA:20,0
DA:21,0
DA:22,0
DA:24,0
DA:29,0
DA:30,0
DA:31,0
DA:32,0
DA:40,21
LF:15
LH:5
BRDA:21,1,0,0
BRDA:21,1,1,0
BRDA:31,2,0,0
BRDA:31,2,1,0
BRF:4
BRH:0
end_of_record
TN:
SF:/Users/phil/github/openstax/tutor-js/src/components/cc-dashboard/blank-course.cjsx
FN:24,(anonymous_1)
FNF:1
FNH:1
FNDA:8,(anonymous_1)
DA:1,21
DA:3,21
DA:5,21
DA:7,21
DA:9,21
DA:11,21
DA:13,21
DA:15,21
DA:17,21
DA:19,21
DA:25,8
DA:26,8
DA:30,8
DA:33,8
DA:63,21
LF:15
LH:15
BRF:0
BRH:0
end_of_record
TN:
SF:/Users/phil/github/openstax/tutor-js/src/components/cc-dashboard/chapter.cjsx
FN:25,(anonymous_1)
FN:26,(anonymous_2)
FN:33,(anonymous_3)
FNF:3
FNH:0
FNDA:0,(anonymous_1)
FNDA:0,(anonymous_2)
FNDA:0,(anonymous_3)
DA:1,21
DA:3,21
DA:5,21
DA:7,21
DA:9,21
DA:11,21
DA:13,21
DA:15,21
DA:17,21
DA:26,0
DA:27,0
DA:34,0
DA:35,0
DA:38,0
DA:51,21
LF:15
LH:10
BRF:0
BRH:0
end_of_record
TN:
SF:/Users/phil/github/openstax/tutor-js/src/components/cc-dashboard/dashboard.cjsx
FN:37,(anonymous_1)
FN:42,(anonymous_2)
FN:49,(anonymous_3)
FN:54,(anonymous_4)
FN:93,(anonymous_5)
FNF:5
FNH:5
FNDA:21,(anonymous_1)
FNDA:7,(anonymous_2)
FNDA:1,(anonymous_3)
FNDA:8,(anonymous_4)
FNDA:8,(anonymous_5)
DA:1,21
DA:3,21
DA:5,21
DA:7,21
DA:9,21
DA:11,21
DA:13,21
DA:15,21
DA:17,21
DA:19,21
DA:21,21
DA:23,21
DA:29,21
DA:38,21
DA:43,7
DA:44,7
DA:45,7
DA:50,1
DA:55,8
DA:56,8
DA:57,8
DA:58,8
DA:59,8
DA:60,8
DA:61,8
DA:62,8
DA:66,8
DA:94,8
DA:95,8
DA:96,8
DA:97,0
DA:98,0
DA:103,8
DA:108,8
DA:128,21
LF:35
LH:33
BRDA:44,1,0,7
BRDA:44,1,1,0
BRDA:46,2,0,7
BRDA:46,2,1,0
BRDA:124,3,0,8
BRDA:124,3,1,0
BRF:6
BRH:3
end_of_record
TN:
SF:/Users/phil/github/openstax/tutor-js/src/components/cc-dashboard/desktop-image.cjsx
FN:13,(anonymous_1)
FNF:1
FNH:1
FNDA:8,(anonymous_1)
DA:1,21
DA:3,21
DA:5,21
DA:7,21
DA:9,21
DA:14,8
DA:15,8
DA:16,8
DA:17,8
DA:342,21
LF:10
LH:10
BRF:0
BRH:0
end_of_record
TN:
SF:/Users/phil/github/openstax/tutor-js/src/components/cc-dashboard/index.cjsx
FN:21,(anonymous_1)
FN:35,(anonymous_2)
FNF:2
FNH:2
FNDA:7,(anonymous_1)
FNDA:7,(anonymous_2)
DA:1,21
DA:3,21
DA:5,21
DA:7,21
DA:9,21
DA:11,21
DA:13,21
DA:15,21
DA:17,21
DA:22,7
DA:23,7
DA:24,7
DA:25,0
DA:29,7
DA:36,7
DA:37,7
DA:38,7
DA:49,21
LF:18
LH:17
BRDA:24,1,0,0
BRDA:24,1,1,7
BRF:2
BRH:1
end_of_record
TN:
SF:/Users/phil/github/openstax/tutor-js/src/components/cc-dashboard/section-performance.cjsx
FN:8,(anonymous_1)
FNF:1
FNH:0
FNDA:0,(anonymous_1)
DA:1,21
DA:3,21
DA:5,21
DA:7,21
DA:9,0
DA:10,0
DA:13,0
DA:14,0
DA:15,0
DA:16,0
DA:17,0
DA:25,0
DA:26,0
DA:27,0
DA:35,0
DA:41,21
LF:16
LH:5
BRDA:11,1,0,0
BRDA:11,1,1,0
BRDA:14,2,0,0
BRDA:14,2,1,0
BRDA:16,3,0,0
BRDA:16,3,1,0
BRDA:25,4,0,0
BRDA:25,4,1,0
BRDA:26,5,0,0
BRDA:26,5,1,0
BRF:10
BRH:0
end_of_record
TN:
SF:/Users/phil/github/openstax/tutor-js/src/components/cc-dashboard/section-progress.cjsx
FN:10,(anonymous_1)
FNF:1
FNH:0
FNDA:0,(anonymous_1)
DA:1,21
DA:3,21
DA:5,21
DA:7,21
DA:9,21
DA:11,0
DA:12,0
DA:13,0
DA:14,0
DA:16,0
DA:17,0
DA:18,0
DA:19,0
DA:22,0
DA:23,0
DA:32,0
DA:34,0
DA:41,21
LF:18
LH:6
BRDA:13,1,0,0
BRDA:13,1,1,0
BRDA:17,2,0,0
BRDA:17,2,1,0
BRDA:22,3,0,0
BRDA:22,3,1,0
BRF:6
BRH:0
end_of_record
TN:
SF:/Users/phil/github/openstax/tutor-js/src/components/cc-dashboard/section.cjsx
FN:24,(anonymous_1)
FNF:1
FNH:0
FNDA:0,(anonymous_1)
DA:1,21
DA:3,21
DA:5,21
DA:7,21
DA:9,21
DA:11,21
DA:13,21
DA:25,0
DA:26,0
DA:27,0
DA:31,0
DA:32,0
DA:36,0
DA:59,21
LF:14
LH:8
BRDA:26,1,0,0
BRDA:26,1,1,0
BRF:2
BRH:0
end_of_record
TN:
SF:/Users/phil/github/openstax/tutor-js/src/components/course-calendar/add-menu-mixin.cjsx
FN:16,(anonymous_1)
FN:21,(anonymous_2)
FN:26,(anonymous_3)
FN:27,(anonymous_4)
FN:28,(anonymous_5)
FN:34,(anonymous_6)
FN:81,(anonymous_7)
FN:82,(anonymous_8)
FNF:8
FNH:8
FNDA:72,(anonymous_1)
FNDA:63,(anonymous_2)
FNDA:252,(anonymous_3)
FNDA:252,(anonymous_4)
FNDA:7,(anonymous_5)
FNDA:63,(anonymous_6)
FNDA:63,(anonymous_7)
FNDA:252,(anonymous_8)
DA:1,21
DA:3,21
DA:5,21
DA:7,21
DA:9,21
DA:17,72
DA:22,63
DA:27,252
DA:28,252
DA:29,7
DA:30,7
DA:35,63
DA:36,63
DA:37,63
DA:38,63
DA:81,63
DA:82,63
DA:83,252
DA:84,252
DA:85,252
DA:97,21
LF:21
LH:21
BRDA:47,1,0,0
BRDA:47,1,1,63
BRDA:57,2,0,0
BRDA:57,2,1,63
BRDA:67,3,0,0
BRDA:67,3,1,63
BRDA:77,4,0,0
BRDA:77,4,1,63
BRF:8
BRH:4
end_of_record
TN:
SF:/Users/phil/github/openstax/tutor-js/src/components/course-calendar/add.cjsx
FN:22,(anonymous_1)
FN:30,(anonymous_2)
FN:38,(anonymous_3)
FN:44,(anonymous_4)
FNF:4
FNH:2
FNDA:24,(anonymous_1)
FNDA:0,(anonymous_2)
FNDA:0,(anonymous_3)
FNDA:63,(anonymous_4)
DA:1,21
DA:3,21
DA:5,21
DA:7,21
DA:9,21
DA:11,21
DA:13,21
DA:15,21
DA:17,21
DA:19,21
DA:23,24
DA:31,0
DA:39,0
DA:45,63
DA:46,63
DA:47,63
DA:51,63
DA:52,63
DA:55,63
DA:56,0
DA:58,63
DA:59,63
DA:63,63
DA:71,21
LF:24
LH:21
BRDA:51,1,0,0
BRDA:51,1,1,63
BRDA:53,2,0,0
BRDA:53,2,1,63
BRDA:55,3,0,0
BRDA:55,3,1,63
BRDA:55,4,0,0
BRDA:55,4,1,63
BRDA:58,5,0,0
BRDA:58,5,1,63
BRDA:58,6,0,0
BRDA:58,6,1,63
BRF:12
BRH:6
end_of_record
TN:
SF:/Users/phil/github/openstax/tutor-js/src/components/course-calendar/duration.cjsx
FN:32,(anonymous_1)
FN:38,(anonymous_2)
FN:43,(anonymous_3)
FN:47,(anonymous_4)
FN:49,(anonymous_5)
FN:52,(anonymous_6)
FN:65,(anonymous_7)
FN:68,(anonymous_8)
FN:71,(anonymous_9)
FN:73,(anonymous_10)
FN:75,(anonymous_11)
FN:77,(anonymous_12)
FN:82,(anonymous_13)
FN:85,(anonymous_14)
FN:86,(anonymous_15)
FN:88,(anonymous_16)
FN:92,(anonymous_17)
FN:98,(anonymous_18)
FN:110,(anonymous_19)
FN:113,(anonymous_20)
FN:114,(anonymous_21)
FN:128,(anonymous_22)
FN:136,(anonymous_23)
FN:141,(anonymous_24)
FN:142,(anonymous_25)
FN:143,(anonymous_26)
FN:150,(anonymous_27)
FN:157,(anonymous_28)
FN:164,(anonymous_29)
FN:167,(anonymous_30)
FN:170,(anonymous_31)
FN:176,(anonymous_32)
FN:186,(anonymous_33)
FN:187,(anonymous_34)
FN:188,(anonymous_35)
FN:197,(anonymous_36)
FN:198,(anonymous_37)
FN:202,(anonymous_38)
FN:205,(anonymous_39)
FN:212,(anonymous_40)
FN:220,(anonymous_41)
FN:223,(anonymous_42)
FN:224,(anonymous_43)
FN:234,(anonymous_44)
FN:262,(anonymous_45)
FN:267,(anonymous_46)
FN:278,(anonymous_47)
FN:281,(anonymous_48)
FN:288,(anonymous_49)
FN:292,(anonymous_50)
FNF:50
FNH:48
FNDA:22,(anonymous_1)
FNDA:21,(anonymous_2)
FNDA:40,(anonymous_3)
FNDA:216,(anonymous_4)
FNDA:144,(anonymous_5)
FNDA:216,(anonymous_6)
FNDA:22,(anonymous_7)
FNDA:18,(anonymous_8)
FNDA:40,(anonymous_9)
FNDA:152,(anonymous_10)
FNDA:152,(anonymous_11)
FNDA:152,(anonymous_12)
FNDA:40,(anonymous_13)
FNDA:40,(anonymous_14)
FNDA:200,(anonymous_15)
FNDA:400,(anonymous_16)
FNDA:1400,(anonymous_17)
FNDA:404,(anonymous_18)
FNDA:1400,(anonymous_19)
FNDA:1400,(anonymous_20)
FNDA:404,(anonymous_21)
FNDA:216,(anonymous_22)
FNDA:1544,(anonymous_23)
FNDA:520,(anonymous_24)
FNDA:520,(anonymous_25)
FNDA:1024,(anonymous_26)
FNDA:152,(anonymous_27)
FNDA:216,(anonymous_28)
FNDA:0,(anonymous_29)
FNDA:152,(anonymous_30)
FNDA:152,(anonymous_31)
FNDA:152,(anonymous_32)
FNDA:40,(anonymous_33)
FNDA:40,(anonymous_34)
FNDA:152,(anonymous_35)
FNDA:40,(anonymous_36)
FNDA:152,(anonymous_37)
FNDA:200,(anonymous_38)
FNDA:0,(anonymous_39)
FNDA:216,(anonymous_40)
FNDA:40,(anonymous_41)
FNDA:40,(anonymous_42)
FNDA:200,(anonymous_43)
FNDA:760,(anonymous_44)
FNDA:1512,(anonymous_45)
FNDA:1400,(anonymous_46)
FNDA:144,(anonymous_47)
FNDA:144,(anonymous_48)
FNDA:40,(anonymous_49)
FNDA:40,(anonymous_50)
DA:1,21
DA:3,21
DA:5,21
DA:7,21
DA:9,21
DA:11,21
DA:13,21
DA:15,21
DA:17,21
DA:19,21
DA:21,21
DA:33,22
DA:39,21
DA:44,40
DA:45,40
DA:46,40
DA:47,40
DA:48,216
DA:50,144
DA:51,144
DA:52,144
DA:53,216
DA:55,144
DA:60,40
DA:66,22
DA:69,18
DA:72,40
DA:73,40
DA:74,152
DA:76,152
DA:78,152
DA:80,40
DA:83,40
DA:84,40
DA:85,40
DA:86,40
DA:87,200
DA:88,200
DA:89,400
DA:91,200
DA:92,200
DA:93,1400
DA:94,1400
DA:97,1400
DA:98,1400
DA:99,404
DA:111,1400
DA:112,1400
DA:113,1400
DA:114,1400
DA:115,404
DA:116,216
DA:117,216
DA:122,216
DA:123,216
DA:129,216
DA:130,216
DA:131,216
DA:132,72
DA:134,216
DA:137,1544
DA:142,520
DA:143,520
DA:144,1024
DA:145,1024
DA:146,1024
DA:151,152
DA:152,152
DA:153,152
DA:154,152
DA:155,152
DA:158,216
DA:159,216
DA:160,216
DA:161,216
DA:162,216
DA:165,0
DA:168,152
DA:171,152
DA:172,152
DA:173,152
DA:174,152
DA:177,152
DA:178,152
DA:179,152
DA:180,152
DA:181,152
DA:182,152
DA:183,152
DA:184,152
DA:187,40
DA:188,40
DA:189,152
DA:190,152
DA:191,152
DA:192,152
DA:193,152
DA:198,40
DA:199,152
DA:203,200
DA:206,0
DA:207,0
DA:208,0
DA:209,0
DA:213,216
DA:214,216
DA:215,216
DA:216,216
DA:217,216
DA:218,216
DA:221,40
DA:222,40
DA:223,40
DA:224,40
DA:225,200
DA:226,200
DA:233,200
DA:234,200
DA:235,760
DA:236,760
DA:237,216
DA:238,144
DA:240,216
DA:241,216
DA:243,216
DA:249,216
DA:250,216
DA:251,216
DA:254,200
DA:255,200
DA:256,1400
DA:257,1400
DA:261,1400
DA:262,1400
DA:263,1512
DA:265,1400
DA:267,200
DA:268,1400
DA:270,200
DA:271,200
DA:272,36
DA:274,200
DA:279,144
DA:280,144
DA:281,144
DA:282,144
DA:289,40
DA:290,40
DA:293,40
DA:294,40
DA:295,40
DA:299,21
LF:152
LH:147
BRDA:115,1,0,216
BRDA:115,1,1,188
BRDA:181,2,0,152
BRDA:181,2,1,146
BRDA:208,3,0,0
BRDA:208,3,1,0
BRDA:236,4,0,216
BRDA:236,4,1,544
BRDA:237,5,0,144
BRDA:237,5,1,72
BRDA:240,6,0,216
BRDA:240,6,1,0
BRDA:271,7,0,36
BRDA:271,7,1,164
BRF:14
BRH:11
end_of_record
TN:
SF:/Users/phil/github/openstax/tutor-js/src/components/course-calendar/header.cjsx
FN:37,(anonymous_1)
FN:43,(anonymous_2)
FN:48,(anonymous_3)
FN:53,(anonymous_4)
FN:60,(anonymous_5)
FN:68,(anonymous_6)
FN:71,(anonymous_7)
FN:74,(anonymous_8)
FNF:8
FNH:5
FNDA:21,(anonymous_1)
FNDA:24,(anonymous_2)
FNDA:39,(anonymous_3)
FNDA:39,(anonymous_4)
FNDA:0,(anonymous_5)
FNDA:0,(anonymous_6)
FNDA:0,(anonymous_7)
FNDA:63,(anonymous_8)
DA:1,21
DA:3,21
DA:5,21
DA:7,21
DA:9,21
DA:11,21
DA:13,21
DA:15,21
DA:17,21
DA:19,21
DA:21,21
DA:23,21
DA:25,21
DA:38,21
DA:44,24
DA:49,39
DA:50,39
DA:51,39
DA:54,39
DA:55,0
DA:61,0
DA:62,0
DA:63,0
DA:64,0
DA:69,0
DA:72,0
DA:75,63
DA:76,63
DA:77,63
DA:78,63
DA:79,63
DA:123,21
LF:32
LH:25
BRDA:45,1,0,24
BRDA:45,1,1,0
BRDA:51,2,0,39
BRDA:51,2,1,0
BRDA:54,3,0,0
BRDA:54,3,1,39
BRF:6
BRH:3
end_of_record
TN:
SF:/Users/phil/github/openstax/tutor-js/src/components/course-calendar/index.cjsx
FN:18,(anonymous_1)
FN:23,(anonymous_2)
FNF:2
FNH:2
FNDA:24,(anonymous_1)
FNDA:63,(anonymous_2)
DA:1,21
DA:3,21
DA:5,21
DA:7,21
DA:9,21
DA:13,21
DA:19,24
DA:24,63
DA:25,63
DA:26,63
DA:27,63
DA:28,63
DA:35,21
LF:13
LH:13
BRDA:27,1,0,40
BRDA:27,1,1,23
BRF:2
BRH:2
end_of_record
TN:
SF:/Users/phil/github/openstax/tutor-js/src/components/course-calendar/month.cjsx
FN:46,(anonymous_1)
FN:51,(anonymous_2)
FN:57,(anonymous_3)
FN:62,(anonymous_4)
FN:68,(anonymous_5)
FN:74,(anonymous_6)
FN:79,(anonymous_7)
FN:83,(anonymous_8)
FN:91,(anonymous_9)
FN:102,(anonymous_10)
FN:108,(anonymous_11)
FN:113,(anonymous_12)
FN:118,(anonymous_13)
FN:124,(anonymous_14)
FN:164,(anonymous_15)
FNF:15
FNH:10
FNDA:126,(anonymous_1)
FNDA:24,(anonymous_2)
FNDA:21,(anonymous_3)
FNDA:0,(anonymous_4)
FNDA:39,(anonymous_5)
FNDA:39,(anonymous_6)
FNDA:28,(anonymous_7)
FNDA:140,(anonymous_8)
FNDA:63,(anonymous_9)
FNDA:0,(anonymous_10)
FNDA:0,(anonymous_11)
FNDA:0,(anonymous_12)
FNDA:0,(anonymous_13)
FNDA:63,(anonymous_14)
FNDA:63,(anonymous_15)
DA:1,21
DA:3,21
DA:5,21
DA:7,21
DA:9,21
DA:11,21
DA:13,21
DA:15,21
DA:17,21
DA:19,21
DA:21,21
DA:23,21
DA:25,21
DA:27,21
DA:29,21
DA:31,21
DA:33,21
DA:47,126
DA:52,24
DA:58,21
DA:63,0
DA:64,0
DA:65,0
DA:66,0
DA:69,39
DA:70,0
DA:71,0
DA:75,39
DA:76,28
DA:80,28
DA:81,28
DA:82,28
DA:83,28
DA:84,140
DA:85,140
DA:88,140
DA:92,63
DA:93,63
DA:94,63
DA:95,63
DA:96,63
DA:97,63
DA:103,0
DA:104,0
DA:109,0
DA:110,0
DA:114,0
DA:115,0
DA:119,0
DA:120,0
DA:125,63
DA:126,63
DA:127,63
DA:129,63
DA:130,63
DA:131,63
DA:132,63
DA:133,2205
DA:134,2205
DA:135,2205
DA:136,1071
DA:137,1134
DA:138,63
DA:140,1071
DA:142,2205
DA:145,2205
DA:146,0
DA:147,0
DA:148,0
DA:149,0
DA:154,2205
DA:155,2205
DA:160,2205
DA:162,63
DA:165,63
DA:166,63
DA:167,63
DA:168,63
DA:169,63
DA:170,63
DA:171,40
DA:182,63
DA:205,21
LF:83
LH:65
BRDA:69,1,0,0
BRDA:69,1,1,39
BRDA:75,2,0,28
BRDA:75,2,1,11
BRDA:109,3,0,0
BRDA:109,3,1,0
BRDA:114,4,0,0
BRDA:114,4,1,0
BRDA:114,5,0,0
BRDA:114,5,1,0
BRDA:126,6,0,63
BRDA:126,6,1,0
BRDA:135,7,0,1071
BRDA:135,7,1,1134
BRDA:137,8,0,63
BRDA:137,8,1,1071
BRDA:145,9,0,0
BRDA:145,9,1,2205
BRDA:148,10,0,0
BRDA:148,10,1,0
BRDA:170,11,0,40
BRDA:170,11,1,23
BRF:22
BRH:11
end_of_record
TN:
SF:/Users/phil/github/openstax/tutor-js/src/components/course-calendar/plan-details.cjsx
FN:21,(anonymous_1)
FN:26,(anonymous_2)
FN:41,(anonymous_3)
FN:63,(anonymous_4)
FN:68,(anonymous_5)
FNF:5
FNH:4
FNDA:1,(anonymous_1)
FNDA:21,(anonymous_2)
FNDA:0,(anonymous_3)
FNDA:1,(anonymous_4)
FNDA:2,(anonymous_5)
DA:1,21
DA:3,21
DA:5,21
DA:7,21
DA:9,21
DA:11,21
DA:13,21
DA:15,21
DA:17,21
DA:19,21
DA:22,1
DA:27,21
DA:42,0
DA:43,0
DA:44,0
DA:45,0
DA:49,0
DA:54,0
DA:55,0
DA:61,0
DA:64,1
DA:69,2
DA:70,2
DA:71,2
DA:72,2
DA:76,2
DA:77,2
DA:78,0
DA:80,2
DA:81,0
DA:83,2
DA:84,2
DA:85,2
DA:86,2
DA:91,2
DA:100,2
DA:103,2
DA:113,21
LF:38
LH:28
BRDA:54,1,0,0
BRDA:54,1,1,0
BRDA:77,2,0,0
BRDA:77,2,1,2
BRDA:77,3,0,2
BRDA:77,3,1,2
BRDA:80,4,0,0
BRDA:80,4,1,2
BRDA:84,5,0,2
BRDA:84,5,1,0
BRDA:85,6,0,0
BRDA:85,6,1,2
BRDA:91,7,0,2
BRDA:91,7,1,0
BRDA:93,8,0,0
BRDA:93,8,1,2
BRDA:99,9,0,0
BRDA:99,9,1,0
BRF:18
BRH:8
end_of_record
TN:
SF:/Users/phil/github/openstax/tutor-js/src/components/course-calendar/plan-display.cjsx
FN:36,(anonymous_1)
FN:46,(anonymous_2)
FN:49,(anonymous_3)
FN:63,(anonymous_4)
FN:80,(anonymous_5)
FN:106,(anonymous_6)
FNF:6
FNH:6
FNDA:42,(anonymous_1)
FNDA:442,(anonymous_2)
FNDA:221,(anonymous_3)
FNDA:221,(anonymous_4)
FNDA:8,(anonymous_5)
FNDA:213,(anonymous_6)
DA:1,21
DA:3,21
DA:5,21
DA:7,21
DA:9,21
DA:11,21
DA:13,21
DA:34,21
DA:37,42
DA:47,442
DA:50,221
DA:51,221
DA:52,221
DA:53,221
DA:55,221
DA:56,149
DA:58,221
DA:59,0
DA:61,221
DA:64,221
DA:65,221
DA:66,221
DA:67,221
DA:68,221
DA:73,221
DA:77,21
DA:81,8
DA:82,8
DA:83,8
DA:84,8
DA:88,8
DA:89,8
DA:103,21
DA:107,213
DA:108,213
DA:109,213
DA:110,213
DA:123,21
LF:38
LH:37
BRDA:52,1,0,221
BRDA:52,1,1,0
BRDA:52,2,0,221
BRDA:52,2,1,72
BRDA:55,3,0,149
BRDA:55,3,1,72
BRDA:58,4,0,0
BRDA:58,4,1,221
BRDA:58,5,0,221
BRDA:58,5,1,72
BRF:10
BRH:8
end_of_record
TN:
SF:/Users/phil/github/openstax/tutor-js/src/components/course-calendar/plan-label.cjsx
FN:20,(anonymous_1)
FN:23,(anonymous_2)
FNF:2
FNH:2
FNDA:442,(anonymous_1)
FNDA:221,(anonymous_2)
DA:1,21
DA:3,21
DA:5,21
DA:7,21
DA:21,442
DA:24,221
DA:25,221
DA:26,221
DA:27,221
DA:28,221
DA:32,221
DA:33,72
DA:35,221
DA:44,21
LF:14
LH:14
BRDA:32,1,0,72
BRDA:32,1,1,149
BRF:2
BRH:2
end_of_record
TN:
SF:/Users/phil/github/openstax/tutor-js/src/components/course-calendar/plan.cjsx
FN:58,(anonymous_1)
FN:63,(anonymous_2)
FN:76,(anonymous_3)
FN:81,(anonymous_4)
FN:91,(anonymous_5)
FN:105,(anonymous_6)
FN:114,(anonymous_7)
FN:121,(anonymous_8)
FN:127,(anonymous_9)
FN:130,(anonymous_10)
FN:145,(anonymous_11)
FN:150,(anonymous_12)
FN:157,(anonymous_13)
FN:165,(anonymous_14)
FN:171,(anonymous_15)
FN:177,(anonymous_16)
FN:182,(anonymous_17)
FN:189,(anonymous_18)
FN:194,(anonymous_19)
FN:201,(anonymous_20)
FN:211,(anonymous_21)
FN:247,(anonymous_22)
FNF:22
FNH:22
FNDA:21,(anonymous_1)
FNDA:84,(anonymous_2)
FNDA:238,(anonymous_3)
FNDA:1,(anonymous_4)
FNDA:1,(anonymous_5)
FNDA:1,(anonymous_6)
FNDA:154,(anonymous_7)
FNDA:1,(anonymous_8)
FNDA:85,(anonymous_9)
FNDA:1,(anonymous_10)
FNDA:84,(anonymous_11)
FNDA:84,(anonymous_12)
FNDA:60,(anonymous_13)
FNDA:66,(anonymous_14)
FNDA:66,(anonymous_15)
FNDA:1,(anonymous_16)
FNDA:4,(anonymous_17)
FNDA:149,(anonymous_18)
FNDA:149,(anonymous_19)
FNDA:149,(anonymous_20)
FNDA:221,(anonymous_21)
FNDA:149,(anonymous_22)
DA:1,21
DA:3,21
DA:5,21
DA:7,21
DA:9,21
DA:11,21
DA:13,21
DA:15,21
DA:17,21
DA:19,21
DA:21,21
DA:23,21
DA:25,21
DA:27,21
DA:59,21
DA:64,84
DA:65,84
DA:66,84
DA:67,84
DA:68,84
DA:77,238
DA:78,238
DA:79,238
DA:82,1
DA:83,1
DA:84,1
DA:85,1
DA:86,1
DA:88,0
DA:92,1
DA:93,1
DA:94,1
DA:95,1
DA:96,1
DA:99,1
DA:100,1
DA:102,0
DA:106,1
DA:107,1
DA:108,1
DA:109,1
DA:110,1
DA:111,1
DA:115,154
DA:116,154
DA:117,154
DA:122,1
DA:123,1
DA:128,85
DA:131,1
DA:132,1
DA:133,1
DA:134,1
DA:139,1
DA:140,1
DA:141,1
DA:146,84
DA:147,84
DA:148,84
DA:151,84
DA:152,84
DA:153,84
DA:154,84
DA:155,84
DA:158,60
DA:159,0
DA:160,0
DA:161,60
DA:162,0
DA:166,66
DA:167,66
DA:168,66
DA:169,66
DA:172,66
DA:173,0
DA:175,66
DA:178,1
DA:179,1
DA:183,4
DA:184,4
DA:190,149
DA:191,149
DA:192,149
DA:195,149
DA:196,149
DA:197,149
DA:198,149
DA:199,149
DA:202,149
DA:203,149
DA:212,221
DA:213,221
DA:214,221
DA:215,221
DA:216,221
DA:223,221
DA:226,221
DA:227,221
DA:228,213
DA:230,221
DA:242,221
DA:248,149
DA:249,149
DA:250,149
DA:251,149
DA:252,149
DA:253,149
DA:254,149
DA:255,149
DA:256,2
DA:266,2
DA:268,149
DA:269,149
DA:270,149
DA:271,149
DA:275,21
LF:116
LH:110
BRDA:85,1,0,1
BRDA:85,1,1,0
BRDA:99,2,0,1
BRDA:99,2,1,0
BRDA:110,3,0,1
BRDA:110,3,1,0
BRDA:128,4,0,85
BRDA:128,4,1,5
BRDA:133,5,0,1
BRDA:133,5,1,0
BRDA:140,6,0,1
BRDA:140,6,1,0
BRDA:158,7,0,0
BRDA:158,7,1,60
BRDA:161,8,0,0
BRDA:161,8,1,60
BRDA:161,9,0,60
BRDA:161,9,1,0
BRDA:172,10,0,0
BRDA:172,10,1,66
BRDA:178,11,0,1
BRDA:178,11,1,0
BRDA:183,12,0,4
BRDA:183,12,1,0
BRDA:192,13,0,149
BRDA:192,13,1,8
BRDA:199,14,0,149
BRDA:199,14,1,141
BRDA:199,14,2,136
BRDA:227,15,0,213
BRDA:227,15,1,8
BRDA:254,16,0,149
BRDA:254,16,1,145
BRDA:255,17,0,2
BRDA:255,17,1,147
BRF:35
BRH:24
end_of_record
TN:
SF:/Users/phil/github/openstax/tutor-js/src/components/course-data-mixin.cjsx
FN:6,(anonymous_1)
FNF:1
FNH:1
FNDA:125,(anonymous_1)
DA:1,21
DA:3,21
DA:5,21
DA:7,125
DA:8,125
DA:9,3
DA:11,125
LF:7
LH:7
BRDA:8,1,0,3
BRDA:8,1,1,122
BRF:2
BRH:2
end_of_record
TN:
SF:/Users/phil/github/openstax/tutor-js/src/components/course-grouping-label.cjsx
FN:13,(anonymous_1)
FN:20,(anonymous_2)
FN:27,(anonymous_3)
FNF:3
FNH:3
FNDA:40,(anonymous_1)
FNDA:111,(anonymous_2)
FNDA:151,(anonymous_3)
DA:1,21
DA:3,21
DA:5,21
DA:7,21
DA:14,40
DA:15,40
DA:17,0
DA:21,111
DA:22,10
DA:24,101
DA:28,151
DA:29,151
DA:30,151
DA:31,151
DA:32,109
DA:34,151
DA:38,21
LF:17
LH:16
BRDA:14,1,0,40
BRDA:14,1,1,0
BRDA:21,2,0,10
BRDA:21,2,1,101
BRDA:30,3,0,40
BRDA:30,3,1,111
BRDA:31,4,0,109
BRDA:31,4,1,42
BRF:8
BRH:7
end_of_record
TN:
SF:/Users/phil/github/openstax/tutor-js/src/components/course-listing.cjsx
FN:19,(anonymous_1)
FN:53,(anonymous_2)
FN:61,(anonymous_3)
FN:69,(anonymous_4)
FN:70,(anonymous_5)
FN:71,(anonymous_6)
FN:74,(anonymous_7)
FN:77,(anonymous_8)
FN:130,(anonymous_9)
FNF:9
FNH:8
FNDA:29,(anonymous_1)
FNDA:29,(anonymous_2)
FNDA:0,(anonymous_3)
FNDA:29,(anonymous_4)
FNDA:29,(anonymous_5)
FNDA:87,(anonymous_6)
FNDA:87,(anonymous_7)
FNDA:87,(anonymous_8)
FNDA:29,(anonymous_9)
DA:1,21
DA:3,21
DA:5,21
DA:7,21
DA:9,21
DA:11,21
DA:13,21
DA:15,21
DA:17,21
DA:19,21
DA:20,29
DA:21,29
DA:22,29
DA:23,29
DA:24,0
DA:25,0
DA:26,0
DA:27,0
DA:28,0
DA:30,0
DA:32,0
DA:33,0
DA:35,0
DA:37,0
DA:38,0
DA:43,29
DA:46,21
DA:54,29
DA:55,0
DA:56,29
DA:57,0
DA:58,0
DA:60,0
DA:61,0
DA:62,0
DA:65,29
DA:70,29
DA:71,29
DA:72,87
DA:73,87
DA:74,87
DA:75,87
DA:77,87
DA:78,87
DA:80,87
DA:81,81
DA:82,0
DA:90,81
DA:91,81
DA:99,6
DA:100,6
DA:101,2
DA:106,4
DA:115,0
DA:116,0
DA:118,0
DA:120,87
DA:121,87
DA:131,29
DA:132,29
DA:133,29
DA:138,29
DA:139,0
DA:141,29
DA:147,21
LF:65
LH:43
BRDA:21,1,0,29
BRDA:21,1,1,0
BRDA:23,2,0,0
BRDA:23,2,1,29
BRDA:23,3,0,29
BRDA:23,3,1,0
BRDA:23,4,0,0
BRDA:23,4,1,0
BRDA:26,5,0,0
BRDA:26,5,1,0
BRDA:27,6,0,0
BRDA:27,6,1,0
BRDA:27,7,0,0
BRDA:27,7,1,0
BRDA:32,8,0,0
BRDA:32,8,1,0
BRDA:33,9,0,0
BRDA:33,9,1,0
BRDA:37,10,0,0
BRDA:37,10,1,0
BRDA:54,11,0,0
BRDA:54,11,1,29
BRDA:56,12,0,0
BRDA:56,12,1,29
BRDA:57,13,0,0
BRDA:57,13,1,0
BRDA:80,14,0,81
BRDA:80,14,1,6
BRDA:81,15,0,0
BRDA:81,15,1,81
BRDA:81,16,0,81
BRDA:81,16,1,0
BRDA:90,17,0,27
BRDA:90,17,1,54
BRDA:99,18,0,6
BRDA:99,18,1,0
BRDA:100,19,0,2
BRDA:100,19,1,4
BRDA:115,20,0,0
BRDA:115,20,1,0
BRDA:132,21,0,29
BRDA:132,21,1,0
BRDA:133,22,0,29
BRDA:133,22,1,0
BRDA:138,23,0,0
BRDA:138,23,1,29
BRF:46
BRH:17
end_of_record
TN:
SF:/Users/phil/github/openstax/tutor-js/src/components/course-periods-nav.cjsx
FN:27,(anonymous_1)
FN:33,(anonymous_2)
FN:38,(anonymous_3)
FN:42,(anonymous_4)
FN:45,(anonymous_5)
FN:48,(anonymous_6)
FN:55,(anonymous_7)
FN:60,(anonymous_8)
FN:79,(anonymous_9)
FN:86,(anonymous_10)
FN:106,(anonymous_11)
FN:114,(anonymous_12)
FN:123,(anonymous_13)
FNF:13
FNH:13
FNDA:21,(anonymous_1)
FNDA:26,(anonymous_2)
FNDA:26,(anonymous_3)
FNDA:21,(anonymous_4)
FNDA:75,(anonymous_5)
FNDA:101,(anonymous_6)
FNDA:3,(anonymous_7)
FNDA:12,(anonymous_8)
FNDA:278,(anonymous_9)
FNDA:104,(anonymous_10)
FNDA:147,(anonymous_11)
FNDA:81,(anonymous_12)
FNDA:66,(anonymous_13)
DA:1,21
DA:3,21
DA:5,21
DA:7,21
DA:9,21
DA:11,21
DA:13,21
DA:15,21
DA:17,21
DA:28,21
DA:34,26
DA:39,26
DA:40,26
DA:43,21
DA:46,75
DA:49,101
DA:50,101
DA:51,101
DA:56,3
DA:57,3
DA:61,12
DA:62,12
DA:63,12
DA:64,12
DA:65,12
DA:66,0
DA:67,0
DA:69,12
DA:70,12
DA:72,12
DA:73,3
DA:75,12
DA:80,278
DA:87,104
DA:88,104
DA:89,104
DA:90,104
DA:91,104
DA:99,21
DA:107,147
DA:108,147
DA:109,147
DA:110,0
DA:112,147
DA:115,81
DA:116,81
DA:117,81
DA:118,81
DA:124,66
DA:125,66
DA:126,66
DA:135,21
LF:52
LH:49
BRDA:56,1,0,3
BRDA:56,1,1,0
BRDA:64,2,0,12
BRDA:64,2,1,0
BRDA:65,3,0,0
BRDA:65,3,1,12
BRDA:69,4,0,12
BRDA:69,4,1,0
BRDA:72,5,0,3
BRDA:72,5,1,9
BRDA:81,6,0,0
BRDA:81,6,1,278
BRDA:95,7,0,68
BRDA:95,7,1,36
BRDA:109,8,0,0
BRDA:109,8,1,147
BRF:16
BRH:10
end_of_record
TN:
SF:/Users/phil/github/openstax/tutor-js/src/components/course-settings/add-period.cjsx
FN:26,(anonymous_1)
FN:31,(anonymous_2)
FN:34,(anonymous_3)
FN:52,(anonymous_4)
FN:57,(anonymous_5)
FN:65,(anonymous_6)
FN:75,(anonymous_7)
FN:96,(anonymous_8)
FN:97,(anonymous_9)
FN:113,(anonymous_10)
FNF:10
FNH:0
FNDA:0,(anonymous_1)
FNDA:0,(anonymous_2)
FNDA:0,(anonymous_3)
FNDA:0,(anonymous_4)
FNDA:0,(anonymous_5)
FNDA:0,(anonymous_6)
FNDA:0,(anonymous_7)
FNDA:0,(anonymous_8)
FNDA:0,(anonymous_9)
FNDA:0,(anonymous_10)
DA:1,21
DA:3,21
DA:5,21
DA:7,21
DA:9,21
DA:11,21
DA:13,21
DA:15,21
DA:27,0
DA:28,0
DA:32,0
DA:35,0
DA:46,21
DA:53,0
DA:58,0
DA:59,0
DA:60,0
DA:63,0
DA:66,0
DA:67,0
DA:72,0
DA:76,0
DA:77,0
DA:78,0
DA:79,0
DA:80,0
DA:82,0
DA:85,0
DA:88,0
DA:97,0
DA:98,0
DA:114,0
LF:32
LH:9
BRDA:27,1,0,0
BRDA:27,1,1,0
BRDA:66,2,0,0
BRDA:66,2,1,0
BRDA:78,3,0,0
BRDA:78,3,1,0
BRDA:78,4,0,0
BRDA:78,4,1,0
BRF:8
BRH:0
end_of_record
TN:
SF:/Users/phil/github/openstax/tutor-js/src/components/course-settings/change-period.cjsx
FN:19,(anonymous_1)
FN:26,(anonymous_2)
FN:29,(anonymous_3)
FN:35,(anonymous_4)
FN:51,(anonymous_5)
FN:66,(anonymous_6)
FNF:6
FNH:0
FNDA:0,(anonymous_1)
FNDA:0,(anonymous_2)
FNDA:0,(anonymous_3)
FNDA:0,(anonymous_4)
FNDA:0,(anonymous_5)
FNDA:0,(anonymous_6)
DA:1,21
DA:3,21
DA:5,21
DA:7,21
DA:9,21
DA:11,21
DA:13,21
DA:20,0
DA:21,0
DA:27,0
DA:30,0
DA:36,0
DA:37,0
DA:38,0
DA:44,0
DA:52,0
DA:53,0
DA:54,0
DA:55,0
DA:56,0
DA:57,0
DA:58,0
DA:60,0
DA:63,0
DA:67,0
DA:68,0
DA:69,0
DA:70,0
DA:72,0
LF:29
LH:7
BRDA:20,1,0,0
BRDA:20,1,1,0
BRDA:38,2,0,0
BRDA:38,2,1,0
BRDA:57,3,0,0
BRDA:57,3,1,0
BRDA:69,4,0,0
BRDA:69,4,1,0
BRF:8
BRH:0
end_of_record
TN:
SF:/Users/phil/github/openstax/tutor-js/src/components/course-settings/delete-period.cjsx
FN:27,(anonymous_1)
FN:32,(anonymous_2)
FN:45,(anonymous_3)
FN:51,(anonymous_4)
FN:83,(anonymous_5)
FNF:5
FNH:0
FNDA:0,(anonymous_1)
FNDA:0,(anonymous_2)
FNDA:0,(anonymous_3)
FNDA:0,(anonymous_4)
FNDA:0,(anonymous_5)
DA:1,21
DA:3,21
DA:5,21
DA:7,21
DA:9,21
DA:11,21
DA:13,21
DA:15,21
DA:17,21
DA:19,21
DA:28,0
DA:33,0
DA:34,0
DA:35,0
DA:36,0
DA:37,0
DA:38,0
DA:40,0
DA:46,0
DA:47,0
DA:48,0
DA:49,0
DA:52,0
DA:53,0
DA:54,0
DA:56,0
DA:58,0
DA:59,0
DA:63,0
DA:67,0
DA:70,0
DA:84,0
LF:32
LH:10
BRDA:34,1,0,0
BRDA:34,1,1,0
BRDA:53,2,0,0
BRDA:53,2,1,0
BRDA:63,3,0,0
BRDA:63,3,1,0
BRDA:77,4,0,0
BRDA:77,4,1,0
BRDA:81,5,0,0
BRDA:81,5,1,0
BRF:10
BRH:0
end_of_record
TN:
SF:/Users/phil/github/openstax/tutor-js/src/components/course-settings/drop-student.cjsx
FN:18,(anonymous_1)
FN:21,(anonymous_2)
FN:33,(anonymous_3)
FNF:3
FNH:0
FNDA:0,(anonymous_1)
FNDA:0,(anonymous_2)
FNDA:0,(anonymous_3)
DA:1,21
DA:3,21
DA:5,21
DA:7,21
DA:9,21
DA:11,21
DA:13,21
DA:19,0
DA:22,0
DA:23,0
DA:24,0
DA:34,0
LF:12
LH:7
BRF:0
BRH:0
end_of_record
TN:
SF:/Users/phil/github/openstax/tutor-js/src/components/course-settings/index.cjsx
FN:18,(anonymous_1)
FN:25,(anonymous_2)
FNF:2
FNH:0
FNDA:0,(anonymous_1)
FNDA:0,(anonymous_2)
DA:1,21
DA:3,21
DA:5,21
DA:7,21
DA:9,21
DA:11,21
DA:13,21
DA:19,0
DA:20,0
DA:21,0
DA:26,0
LF:11
LH:7
BRF:0
BRH:0
end_of_record
TN:
SF:/Users/phil/github/openstax/tutor-js/src/components/course-settings/period-enrollment-code.cjsx
FN:23,(anonymous_1)
FN:30,(anonymous_2)
FN:49,(anonymous_3)
FN:52,(anonymous_4)
FN:66,(anonymous_5)
FNF:5
FNH:0
FNDA:0,(anonymous_1)
FNDA:0,(anonymous_2)
FNDA:0,(anonymous_3)
FNDA:0,(anonymous_4)
FNDA:0,(anonymous_5)
DA:1,21
DA:3,21
DA:5,21
DA:7,21
DA:9,21
DA:11,21
DA:13,21
DA:15,21
DA:24,0
DA:25,0
DA:28,0
DA:31,0
DA:32,0
DA:33,0
DA:34,0
DA:35,0
DA:50,0
DA:53,0
DA:54,0
DA:55,0
DA:56,0
DA:57,0
DA:67,0
LF:23
LH:8
BRF:0
BRH:0
end_of_record
TN:
SF:/Users/phil/github/openstax/tutor-js/src/components/course-settings/period-roster.cjsx
FN:24,(anonymous_1)
FN:36,(anonymous_2)
FN:42,(anonymous_3)
FN:51,(anonymous_4)
FNF:4
FNH:0
FNDA:0,(anonymous_1)
FNDA:0,(anonymous_2)
FNDA:0,(anonymous_3)
FNDA:0,(anonymous_4)
DA:1,21
DA:3,21
DA:5,21
DA:7,21
DA:9,21
DA:11,21
DA:13,21
DA:15,21
DA:17,21
DA:25,0
DA:37,0
DA:38,0
DA:39,0
DA:40,0
DA:43,0
DA:44,0
DA:45,0
DA:52,0
DA:53,0
DA:54,0
DA:55,0
DA:56,0
DA:57,0
DA:59,0
DA:61,0
DA:64,0
LF:26
LH:9
BRDA:66,1,0,0
BRDA:66,1,1,0
BRDA:66,2,0,0
BRDA:66,2,1,0
BRF:4
BRH:0
end_of_record
TN:
SF:/Users/phil/github/openstax/tutor-js/src/components/course-settings/remove-teacher.cjsx
FN:31,(anonymous_1)
FN:35,(anonymous_2)
FN:36,(anonymous_3)
FN:37,(anonymous_4)
FN:42,(anonymous_5)
FN:52,(anonymous_6)
FN:70,(anonymous_7)
FNF:7
FNH:0
FNDA:0,(anonymous_1)
FNDA:0,(anonymous_2)
FNDA:0,(anonymous_3)
FNDA:0,(anonymous_4)
FNDA:0,(anonymous_5)
FNDA:0,(anonymous_6)
FNDA:0,(anonymous_7)
DA:1,21
DA:3,21
DA:5,21
DA:7,21
DA:9,21
DA:11,21
DA:13,21
DA:15,21
DA:17,21
DA:19,21
DA:21,21
DA:32,0
DA:33,0
DA:36,0
DA:37,0
DA:38,0
DA:43,0
DA:44,0
DA:45,0
DA:46,0
DA:47,0
DA:49,0
DA:53,0
DA:54,0
DA:62,0
DA:63,0
DA:71,0
LF:27
LH:11
BRDA:46,1,0,0
BRDA:46,1,1,0
BRDA:68,2,0,0
BRDA:68,2,1,0
BRF:4
BRH:0
end_of_record
TN:
SF:/Users/phil/github/openstax/tutor-js/src/components/course-settings/rename-course.cjsx
FN:28,(anonymous_1)
FN:36,(anonymous_2)
FN:39,(anonymous_3)
FN:55,(anonymous_4)
FN:60,(anonymous_5)
FN:68,(anonymous_6)
FN:75,(anonymous_7)
FN:80,(anonymous_8)
FN:97,(anonymous_9)
FN:98,(anonymous_10)
FN:116,(anonymous_11)
FNF:11
FNH:0
FNDA:0,(anonymous_1)
FNDA:0,(anonymous_2)
FNDA:0,(anonymous_3)
FNDA:0,(anonymous_4)
FNDA:0,(anonymous_5)
FNDA:0,(anonymous_6)
FNDA:0,(anonymous_7)
FNDA:0,(anonymous_8)
FNDA:0,(anonymous_9)
FNDA:0,(anonymous_10)
FNDA:0,(anonymous_11)
DA:1,21
DA:3,21
DA:5,21
DA:7,21
DA:9,21
DA:11,21
DA:13,21
DA:15,21
DA:17,21
DA:29,0
DA:30,0
DA:32,0
DA:33,0
DA:37,0
DA:40,0
DA:51,21
DA:56,0
DA:61,0
DA:62,0
DA:63,0
DA:66,0
DA:69,0
DA:70,0
DA:75,0
DA:76,0
DA:81,0
DA:82,0
DA:85,0
DA:86,0
DA:88,0
DA:98,0
DA:99,0
DA:117,0
DA:131,21
LF:34
LH:11
BRDA:29,1,0,0
BRDA:29,1,1,0
BRDA:32,2,0,0
BRDA:32,2,1,0
BRDA:69,3,0,0
BRDA:69,3,1,0
BRDA:83,4,0,0
BRDA:83,4,1,0
BRDA:85,5,0,0
BRDA:85,5,1,0
BRDA:85,6,0,0
BRDA:85,6,1,0
BRF:12
BRH:0
end_of_record
TN:
SF:/Users/phil/github/openstax/tutor-js/src/components/course-settings/rename-period.cjsx
FN:26,(anonymous_1)
FN:34,(anonymous_2)
FN:37,(anonymous_3)
FN:56,(anonymous_4)
FN:61,(anonymous_5)
FN:69,(anonymous_6)
FN:81,(anonymous_7)
FN:103,(anonymous_8)
FN:104,(anonymous_9)
FN:120,(anonymous_10)
FNF:10
FNH:0
FNDA:0,(anonymous_1)
FNDA:0,(anonymous_2)
FNDA:0,(anonymous_3)
FNDA:0,(anonymous_4)
FNDA:0,(anonymous_5)
FNDA:0,(anonymous_6)
FNDA:0,(anonymous_7)
FNDA:0,(anonymous_8)
FNDA:0,(anonymous_9)
FNDA:0,(anonymous_10)
DA:1,21
DA:3,21
DA:5,21
DA:7,21
DA:9,21
DA:11,21
DA:13,21
DA:15,21
DA:27,0
DA:28,0
DA:30,0
DA:31,0
DA:35,0
DA:38,0
DA:49,21
DA:57,0
DA:62,0
DA:63,0
DA:64,0
DA:67,0
DA:70,0
DA:71,0
DA:72,0
DA:73,0
DA:78,0
DA:82,0
DA:83,0
DA:84,0
DA:85,0
DA:86,0
DA:88,0
DA:91,0
DA:94,0
DA:104,0
DA:105,0
DA:121,0
LF:36
LH:9
BRDA:27,1,0,0
BRDA:27,1,1,0
BRDA:30,2,0,0
BRDA:30,2,1,0
BRDA:71,3,0,0
BRDA:71,3,1,0
BRDA:84,4,0,0
BRDA:84,4,1,0
BRDA:84,5,0,0
BRDA:84,5,1,0
BRF:10
BRH:0
end_of_record
TN:
SF:/Users/phil/github/openstax/tutor-js/src/components/course-settings/roster.cjsx
FN:34,(anonymous_1)
FN:39,(anonymous_2)
FN:44,(anonymous_3)
FN:58,(anonymous_4)
FN:67,(anonymous_5)
FN:72,(anonymous_6)
FN:73,(anonymous_7)
FNF:7
FNH:0
FNDA:0,(anonymous_1)
FNDA:0,(anonymous_2)
FNDA:0,(anonymous_3)
FNDA:0,(anonymous_4)
FNDA:0,(anonymous_5)
FNDA:0,(anonymous_6)
FNDA:0,(anonymous_7)
DA:1,21
DA:3,21
DA:5,21
DA:7,21
DA:9,21
DA:11,21
DA:13,21
DA:15,21
DA:17,21
DA:19,21
DA:21,21
DA:23,21
DA:25,21
DA:27,21
DA:35,0
DA:40,0
DA:45,0
DA:46,0
DA:47,0
DA:48,0
DA:49,0
DA:50,0
DA:53,0
DA:59,0
DA:60,0
DA:61,0
DA:63,0
DA:65,0
DA:68,0
DA:69,0
DA:70,0
DA:71,0
DA:72,0
DA:73,0
DA:74,0
DA:86,0
DA:92,0
DA:97,0
DA:103,0
DA:106,0
LF:40
LH:14
BRDA:48,1,0,0
BRDA:48,1,1,0
BRDA:60,2,0,0
BRDA:60,2,1,0
BRDA:114,3,0,0
BRDA:114,3,1,0
BRDA:114,4,0,0
BRDA:114,4,1,0
BRDA:114,5,0,0
BRDA:114,5,1,0
BRDA:114,6,0,0
BRDA:114,6,1,0
BRDA:116,7,0,0
BRDA:116,7,1,0
BRF:14
BRH:0
end_of_record
TN:
SF:/Users/phil/github/openstax/tutor-js/src/components/course-settings/settings.cjsx
FN:30,(anonymous_1)
FN:53,(anonymous_2)
FN:54,(anonymous_3)
FN:68,(anonymous_4)
FN:69,(anonymous_5)
FNF:5
FNH:0
FNDA:0,(anonymous_1)
FNDA:0,(anonymous_2)
FNDA:0,(anonymous_3)
FNDA:0,(anonymous_4)
FNDA:0,(anonymous_5)
DA:1,21
DA:3,21
DA:5,21
DA:7,21
DA:9,21
DA:11,21
DA:13,21
DA:15,21
DA:17,21
DA:19,21
DA:21,21
DA:23,21
DA:25,21
DA:31,0
DA:32,0
DA:33,0
DA:34,0
DA:35,0
DA:37,0
DA:38,0
DA:40,0
DA:54,0
DA:55,0
DA:69,0
DA:70,0
LF:25
LH:13
BRDA:33,1,0,0
BRDA:33,1,1,0
BRF:2
BRH:0
end_of_record
TN:
SF:/Users/phil/github/openstax/tutor-js/src/components/course-settings/teacher-roster.cjsx
FN:22,(anonymous_1)
FN:33,(anonymous_2)
FN:47,(anonymous_3)
FNF:3
FNH:0
FNDA:0,(anonymous_1)
FNDA:0,(anonymous_2)
FNDA:0,(anonymous_3)
DA:1,21
DA:3,21
DA:5,21
DA:7,21
DA:9,21
DA:11,21
DA:13,21
DA:15,21
DA:23,0
DA:34,0
DA:35,0
DA:36,0
DA:37,0
DA:48,0
DA:49,0
DA:50,0
DA:51,0
DA:52,0
DA:53,0
DA:55,0
LF:20
LH:8
BRDA:36,1,0,0
BRDA:36,1,1,0
BRF:2
BRH:0
end_of_record
TN:
SF:/Users/phil/github/openstax/tutor-js/src/components/dialog.cjsx
FN:36,(anonymous_1)
FN:43,(anonymous_2)
FN:50,(anonymous_3)
FNF:3
FNH:3
FNDA:1,(anonymous_1)
FNDA:1,(anonymous_2)
FNDA:39,(anonymous_3)
DA:1,21
DA:3,21
DA:5,21
DA:7,21
DA:9,21
DA:24,21
DA:37,1
DA:38,1
DA:39,1
DA:40,1
DA:44,1
DA:47,0
DA:51,39
DA:52,39
DA:53,39
DA:54,39
DA:59,39
DA:62,39
DA:63,39
DA:64,39
DA:66,39
DA:67,39
DA:68,31
DA:70,39
DA:71,39
DA:73,39
DA:74,39
LF:27
LH:26
BRDA:39,1,0,1
BRDA:39,1,1,0
BRDA:39,2,0,1
BRDA:39,2,1,1
BRDA:39,3,0,1
BRDA:39,3,1,0
BRDA:53,4,0,39
BRDA:53,4,1,0
BRDA:63,5,0,39
BRDA:63,5,1,0
BRDA:63,6,0,39
BRDA:63,6,1,39
BRDA:63,6,2,0
BRDA:67,7,0,31
BRDA:67,7,1,8
BRDA:67,8,0,39
BRDA:67,8,1,0
BRDA:70,9,0,39
BRDA:70,9,1,0
BRF:19
BRH:12
end_of_record
TN:
SF:/Users/phil/github/openstax/tutor-js/src/components/exercise-card.cjsx
FN:25,(anonymous_1)
FN:30,(anonymous_2)
FN:52,(anonymous_3)
FN:61,(anonymous_4)
FN:66,(anonymous_5)
FNF:5
FNH:1
FNDA:21,(anonymous_1)
FNDA:0,(anonymous_2)
FNDA:0,(anonymous_3)
FNDA:0,(anonymous_4)
FNDA:0,(anonymous_5)
DA:1,21
DA:3,21
DA:5,21
DA:7,21
DA:9,21
DA:11,21
DA:13,21
DA:15,21
DA:26,21
DA:31,0
DA:32,0
DA:35,0
DA:53,0
DA:54,0
DA:55,0
DA:56,0
DA:62,0
DA:63,0
DA:67,0
DA:68,0
DA:69,0
DA:70,0
DA:71,0
DA:72,0
DA:73,0
DA:76,0
DA:79,0
DA:108,21
LF:28
LH:10
BRDA:55,1,0,0
BRDA:55,1,1,0
BRDA:55,2,0,0
BRDA:55,2,1,0
BRDA:57,3,0,0
BRDA:57,3,1,0
BRDA:62,4,0,0
BRDA:62,4,1,0
BRDA:101,5,0,0
BRDA:101,5,1,0
BRF:10
BRH:0
end_of_record
TN:
SF:/Users/phil/github/openstax/tutor-js/src/components/icon.cjsx
FN:15,(anonymous_1)
FN:22,(anonymous_2)
FNF:2
FNH:2
FNDA:21,(anonymous_1)
FNDA:8,(anonymous_2)
DA:1,21
DA:3,21
DA:5,21
DA:7,21
DA:16,21
DA:23,8
DA:24,8
DA:25,8
DA:26,0
DA:28,8
DA:31,8
DA:32,0
DA:33,0
DA:37,8
LF:14
LH:11
BRDA:25,1,0,0
BRDA:25,1,1,8
BRDA:31,2,0,0
BRDA:31,2,1,8
BRF:4
BRH:2
end_of_record
TN:
SF:/Users/phil/github/openstax/tutor-js/src/components/index.cjsx
FN:26,(anonymous_1)
FN:38,(anonymous_2)
FN:45,(anonymous_3)
FN:60,(anonymous_4)
FN:64,(anonymous_5)
FN:67,(anonymous_6)
FN:72,(anonymous_7)
FN:77,(anonymous_8)
FN:82,(anonymous_9)
FN:87,(anonymous_10)
FN:92,(anonymous_11)
FN:93,(anonymous_12)
FN:113,(anonymous_13)
FN:150,(anonymous_14)
FN:161,(anonymous_15)
FNF:15
FNH:2
FNDA:0,(anonymous_1)
FNDA:2,(anonymous_2)
FNDA:2,(anonymous_3)
FNDA:0,(anonymous_4)
FNDA:0,(anonymous_5)
FNDA:0,(anonymous_6)
FNDA:0,(anonymous_7)
FNDA:0,(anonymous_8)
FNDA:0,(anonymous_9)
FNDA:0,(anonymous_10)
FNDA:0,(anonymous_11)
FNDA:0,(anonymous_12)
FNDA:0,(anonymous_13)
FNDA:0,(anonymous_14)
FNDA:0,(anonymous_15)
DA:1,21
DA:4,21
DA:6,21
DA:8,21
DA:10,21
DA:12,21
DA:14,21
DA:16,21
DA:18,21
DA:20,21
DA:22,21
DA:24,21
DA:26,21
DA:27,0
DA:28,0
DA:29,0
DA:30,0
DA:33,21
DA:39,2
DA:40,2
DA:41,2
DA:46,2
DA:55,21
DA:61,0
DA:62,0
DA:65,0
DA:68,0
DA:69,0
DA:70,0
DA:73,0
DA:78,0
DA:79,0
DA:80,0
DA:83,0
DA:88,0
DA:93,0
DA:94,0
DA:104,21
DA:114,0
DA:115,0
DA:116,0
DA:117,0
DA:118,0
DA:119,0
DA:120,0
DA:121,0
DA:123,0
DA:124,0
DA:128,0
DA:151,0
DA:152,0
DA:153,0
DA:160,21
DA:162,0
DA:168,21
LF:55
LH:22
BRDA:28,1,0,0
BRDA:28,1,1,0
BRDA:69,2,0,0
BRDA:69,2,1,0
BRDA:69,3,0,0
BRDA:69,3,1,0
BRDA:119,4,0,0
BRDA:119,4,1,0
BRDA:120,5,0,0
BRDA:120,5,1,0
BRF:10
BRH:0
end_of_record
TN:
SF:/Users/phil/github/openstax/tutor-js/src/components/late-icon.cjsx
FN:22,(anonymous_1)
FN:24,(anonymous_2)
FN:29,(anonymous_3)
FNF:3
FNH:3
FNDA:21,(anonymous_1)
FNDA:113,(anonymous_2)
FNDA:853,(anonymous_3)
DA:1,21
DA:3,21
DA:5,21
DA:7,21
DA:9,21
DA:11,21
DA:23,21
DA:25,113
DA:30,853
DA:31,853
DA:32,853
DA:33,853
DA:34,740
DA:36,113
DA:37,113
DA:38,113
DA:40,113
DA:41,113
LF:18
LH:18
BRDA:33,1,0,740
BRDA:33,1,1,113
BRDA:33,2,0,853
BRDA:33,2,1,667
BRDA:37,3,0,113
BRDA:37,3,1,0
BRF:6
BRH:5
end_of_record
TN:
SF:/Users/phil/github/openstax/tutor-js/src/components/loadable-item.cjsx
FN:25,(anonymous_1)
FN:31,(anonymous_2)
FN:34,(anonymous_3)
FN:37,(anonymous_4)
FN:53,(anonymous_5)
FN:65,(anonymous_6)
FN:91,(anonymous_7)
FN:94,(anonymous_8)
FNF:8
FNH:8
FNDA:21,(anonymous_1)
FNDA:102,(anonymous_2)
FNDA:183,(anonymous_3)
FNDA:285,(anonymous_4)
FNDA:285,(anonymous_5)
FNDA:520,(anonymous_6)
FNDA:417,(anonymous_7)
FNDA:186,(anonymous_8)
DA:1,21
DA:3,21
DA:5,21
DA:7,21
DA:9,21
DA:26,21
DA:32,102
DA:35,183
DA:38,285
DA:39,285
DA:40,285
DA:41,0
DA:43,285
DA:44,183
DA:46,102
DA:47,102
DA:49,102
DA:50,95
DA:54,285
DA:55,285
DA:56,285
DA:57,285
DA:59,285
DA:60,285
DA:62,285
DA:63,285
DA:65,285
DA:66,520
DA:67,0
DA:69,520
DA:70,417
DA:71,103
DA:72,57
DA:73,46
DA:74,0
DA:75,46
DA:76,46
DA:77,0
DA:78,0
DA:80,0
DA:83,285
DA:88,285
DA:92,417
DA:95,186
LF:44
LH:38
BRDA:40,1,0,0
BRDA:40,1,1,285
BRDA:43,2,0,183
BRDA:43,2,1,102
BRDA:43,3,0,285
BRDA:43,3,1,183
BRDA:43,3,2,183
BRDA:43,3,3,183
BRDA:43,3,4,183
BRDA:46,4,0,102
BRDA:46,4,1,0
BRDA:49,5,0,95
BRDA:49,5,1,7
BRDA:56,6,0,285
BRDA:56,6,1,0
BRDA:59,7,0,285
BRDA:59,7,1,0
BRDA:62,8,0,285
BRDA:62,8,1,0
BRDA:66,9,0,0
BRDA:66,9,1,520
BRDA:69,10,0,417
BRDA:69,10,1,103
BRDA:71,11,0,57
BRDA:71,11,1,46
BRDA:73,12,0,0
BRDA:73,12,1,46
BRDA:75,13,0,46
BRDA:75,13,1,0
BRDA:75,14,0,46
BRDA:75,14,1,0
BRDA:77,15,0,0
BRDA:77,15,1,0
BRDA:77,16,0,0
BRDA:77,16,1,0
BRDA:77,16,2,0
BRF:36
BRH:22
end_of_record
TN:
SF:/Users/phil/github/openstax/tutor-js/src/components/loadable.cjsx
FN:24,(anonymous_1)
FN:26,(anonymous_2)
FN:39,(anonymous_3)
FN:56,(anonymous_4)
FN:59,(anonymous_5)
FN:63,(anonymous_6)
FNF:6
FNH:5
FNDA:21,(anonymous_1)
FNDA:76,(anonymous_2)
FNDA:0,(anonymous_3)
FNDA:186,(anonymous_4)
FNDA:235,(anonymous_5)
FNDA:520,(anonymous_6)
DA:1,21
DA:3,21
DA:5,21
DA:7,21
DA:9,21
DA:11,21
DA:25,21
DA:27,76
DA:28,76
DA:29,0
DA:31,76
DA:32,76
DA:33,4
DA:35,76
DA:40,0
DA:41,0
DA:42,0
DA:44,0
DA:45,0
DA:46,0
DA:48,0
DA:57,186
DA:60,235
DA:61,235
DA:64,520
DA:65,520
DA:66,520
DA:67,520
DA:68,103
DA:69,417
DA:70,231
DA:71,186
DA:72,0
DA:74,186
LF:34
LH:25
BRDA:28,1,0,0
BRDA:28,1,1,76
BRDA:32,2,0,4
BRDA:32,2,1,72
BRDA:41,3,0,0
BRDA:41,3,1,0
BRDA:45,4,0,0
BRDA:45,4,1,0
BRDA:61,5,0,235
BRDA:61,5,1,235
BRDA:61,6,0,0
BRDA:61,6,1,235
BRDA:67,7,0,103
BRDA:67,7,1,417
BRDA:69,8,0,231
BRDA:69,8,1,186
BRDA:71,9,0,0
BRDA:71,9,1,186
BRF:18
BRH:11
end_of_record
TN:
SF:/Users/phil/github/openstax/tutor-js/src/components/markdown.cjsx
FN:14,(anonymous_1)
FNF:1
FNH:0
FNDA:0,(anonymous_1)
DA:1,21
DA:3,21
DA:5,21
DA:7,21
DA:9,21
DA:11,21
DA:13,21
DA:15,0
DA:16,0
DA:17,0
DA:18,0
DA:19,0
DA:20,0
LF:13
LH:7
BRF:0
BRH:0
end_of_record
TN:
SF:/Users/phil/github/openstax/tutor-js/src/components/media-preview.cjsx
FN:21,(anonymous_1)
FN:38,(anonymous_2)
FN:45,(anonymous_3)
FN:57,(anonymous_4)
FN:62,(anonymous_5)
FN:67,(anonymous_6)
FN:73,(anonymous_7)
FN:79,(anonymous_8)
FN:84,(anonymous_9)
FN:89,(anonymous_10)
FN:100,(anonymous_11)
FN:117,(anonymous_12)
FN:129,(anonymous_13)
FN:133,(anonymous_14)
FN:139,(anonymous_15)
FN:148,(anonymous_16)
FN:151,(anonymous_17)
FN:181,(anonymous_18)
FNF:18
FNH:1
FNDA:0,(anonymous_1)
FNDA:21,(anonymous_2)
FNDA:0,(anonymous_3)
FNDA:0,(anonymous_4)
FNDA:0,(anonymous_5)
FNDA:0,(anonymous_6)
FNDA:0,(anonymous_7)
FNDA:0,(anonymous_8)
FNDA:0,(anonymous_9)
FNDA:0,(anonymous_10)
FNDA:0,(anonymous_11)
FNDA:0,(anonymous_12)
FNDA:0,(anonymous_13)
FNDA:0,(anonymous_14)
FNDA:0,(anonymous_15)
FNDA:0,(anonymous_16)
FNDA:0,(anonymous_17)
FNDA:0,(anonymous_18)
DA:1,21
DA:3,21
DA:5,21
DA:7,21
DA:9,21
DA:11,21
DA:13,21
DA:15,21
DA:17,21
DA:19,21
DA:22,0
DA:39,21
DA:46,0
DA:47,0
DA:48,0
DA:49,0
DA:50,0
DA:52,0
DA:53,0
DA:54,0
DA:58,0
DA:59,0
DA:60,0
DA:63,0
DA:68,0
DA:69,0
DA:71,0
DA:74,0
DA:75,0
DA:76,0
DA:77,0
DA:80,0
DA:81,0
DA:82,0
DA:85,0
DA:86,0
DA:87,0
DA:90,0
DA:93,0
DA:94,0
DA:97,0
DA:101,0
DA:102,0
DA:103,0
DA:105,0
DA:106,0
DA:107,0
DA:108,0
DA:111,0
DA:114,0
DA:118,0
DA:119,0
DA:120,0
DA:123,0
DA:126,0
DA:130,0
DA:131,0
DA:134,0
DA:135,0
DA:136,0
DA:140,0
DA:141,0
DA:142,0
DA:144,0
DA:145,0
DA:146,0
DA:149,0
DA:152,0
DA:153,0
DA:154,0
DA:155,0
DA:156,0
DA:157,0
DA:158,0
DA:159,0
DA:160,0
DA:161,0
DA:162,0
DA:163,0
DA:165,0
DA:166,0
DA:167,0
DA:168,0
DA:170,0
DA:171,0
DA:172,0
DA:173,0
DA:174,0
DA:176,0
DA:177,0
DA:179,0
DA:182,0
DA:183,0
DA:184,0
DA:185,0
DA:186,0
DA:187,0
DA:188,0
DA:189,0
DA:192,0
DA:198,0
DA:201,0
DA:207,0
DA:208,0
DA:210,0
DA:211,0
DA:213,0
DA:217,0
DA:218,0
DA:223,21
LF:110
LH:12
BRDA:49,1,0,0
BRDA:49,1,1,0
BRDA:52,2,0,0
BRDA:52,2,1,0
BRDA:52,3,0,0
BRDA:52,3,1,0
BRDA:52,3,2,0
BRDA:68,4,0,0
BRDA:68,4,1,0
BRDA:77,5,0,0
BRDA:77,5,1,0
BRDA:93,6,0,0
BRDA:93,6,1,0
BRDA:102,7,0,0
BRDA:102,7,1,0
BRDA:106,8,0,0
BRDA:106,8,1,0
BRDA:107,9,0,0
BRDA:107,9,1,0
BRDA:118,10,0,0
BRDA:118,10,1,0
BRDA:119,11,0,0
BRDA:119,11,1,0
BRDA:135,12,0,0
BRDA:135,12,1,0
BRDA:141,13,0,0
BRDA:141,13,1,0
BRDA:141,14,0,0
BRDA:141,14,1,0
BRDA:141,15,0,0
BRDA:141,15,1,0
BRDA:146,16,0,0
BRDA:146,16,1,0
BRDA:158,17,0,0
BRDA:158,17,1,0
BRDA:160,18,0,0
BRDA:160,18,1,0
BRDA:160,19,0,0
BRDA:160,19,1,0
BRDA:162,20,0,0
BRDA:162,20,1,0
BRDA:166,21,0,0
BRDA:166,21,1,0
BRDA:173,22,0,0
BRDA:173,22,1,0
BRDA:176,23,0,0
BRDA:176,23,1,0
BRDA:187,24,0,0
BRDA:187,24,1,0
BRDA:207,25,0,0
BRDA:207,25,1,0
BRDA:210,26,0,0
BRDA:210,26,1,0
BRF:53
BRH:0
end_of_record
TN:
SF:/Users/phil/github/openstax/tutor-js/src/components/name.cjsx
FN:17,(anonymous_1)
FNF:1
FNH:1
FNDA:610,(anonymous_1)
DA:1,21
DA:3,21
DA:5,21
DA:7,21
DA:9,21
DA:18,610
DA:19,610
DA:20,610
DA:23,610
DA:24,299
DA:25,299
DA:32,311
DA:37,21
LF:13
LH:13
BRDA:19,1,0,0
BRDA:19,1,1,610
BRDA:21,2,0,610
BRDA:21,2,1,538
BRDA:23,3,0,299
BRDA:23,3,1,311
BRDA:23,4,0,299
BRDA:23,4,1,311
BRF:8
BRH:7
end_of_record
TN:
SF:/Users/phil/github/openstax/tutor-js/src/components/navbar/account-link.cjsx
FN:11,(anonymous_1)
FNF:1
FNH:1
FNDA:174,(anonymous_1)
DA:1,21
DA:3,21
DA:5,21
DA:7,21
DA:9,21
DA:12,174
DA:13,0
DA:15,174
LF:8
LH:7
BRDA:12,1,0,0
BRDA:12,1,1,174
BRF:2
BRH:1
end_of_record
TN:
SF:/Users/phil/github/openstax/tutor-js/src/components/navbar/book-links.cjsx
FN:13,(anonymous_1)
FNF:1
FNH:1
FNDA:132,(anonymous_1)
DA:1,21
DA:3,21
DA:5,21
DA:7,21
DA:9,21
DA:14,132
DA:15,132
DA:16,132
DA:17,112
DA:19,20
DA:20,20
DA:21,20
DA:27,20
DA:28,20
DA:36,20
DA:42,21
LF:16
LH:16
BRDA:16,1,0,112
BRDA:16,1,1,20
BRDA:16,2,0,95
BRDA:16,2,1,37
BRDA:20,3,0,20
BRDA:20,3,1,0
BRDA:27,4,0,20
BRDA:27,4,1,0
BRF:8
BRH:6
end_of_record
TN:
SF:/Users/phil/github/openstax/tutor-js/src/components/navbar/course-name.cjsx
FN:24,(anonymous_1)
FNF:1
FNH:1
FNDA:219,(anonymous_1)
DA:1,21
DA:3,21
DA:5,21
DA:7,21
DA:9,21
DA:11,21
DA:13,21
DA:15,21
DA:17,21
DA:25,219
DA:26,219
DA:27,219
DA:28,219
DA:29,219
DA:30,219
DA:31,112
DA:39,219
DA:43,21
LF:18
LH:18
BRDA:27,1,0,112
BRDA:27,1,1,107
BRDA:29,2,0,112
BRDA:29,2,1,107
BRDA:30,3,0,112
BRDA:30,3,1,107
BRF:6
BRH:6
end_of_record
TN:
SF:/Users/phil/github/openstax/tutor-js/src/components/navbar/index.cjsx
FN:30,(anonymous_1)
FN:33,(anonymous_2)
FN:40,(anonymous_3)
FN:47,(anonymous_4)
FN:58,(anonymous_5)
FN:61,(anonymous_6)
FN:64,(anonymous_7)
FN:67,(anonymous_8)
FNF:8
FNH:7
FNDA:21,(anonymous_1)
FNDA:21,(anonymous_2)
FNDA:336,(anonymous_3)
FNDA:183,(anonymous_4)
FNDA:111,(anonymous_5)
FNDA:21,(anonymous_6)
FNDA:0,(anonymous_7)
FNDA:132,(anonymous_8)
DA:1,21
DA:3,21
DA:5,21
DA:7,21
DA:9,21
DA:11,21
DA:13,21
DA:15,21
DA:17,21
DA:19,21
DA:21,21
DA:23,21
DA:25,21
DA:31,21
DA:34,21
DA:35,21
DA:36,21
DA:41,336
DA:42,336
DA:43,336
DA:44,208
DA:48,183
DA:49,183
DA:50,183
DA:51,183
DA:52,34
DA:59,111
DA:62,21
DA:65,0
DA:68,132
DA:69,132
DA:70,132
DA:71,132
DA:77,132
LF:34
LH:33
BRDA:43,1,0,208
BRDA:43,1,1,128
BRDA:49,2,0,183
BRDA:49,2,1,0
BRDA:51,3,0,34
BRDA:51,3,1,149
BRF:6
BRH:5
end_of_record
TN:
SF:/Users/phil/github/openstax/tutor-js/src/components/navbar/logout.cjsx
FN:14,(anonymous_1)
FNF:1
FNH:1
FNDA:153,(anonymous_1)
DA:1,21
DA:3,21
DA:5,21
DA:7,21
DA:9,21
DA:11,21
DA:13,21
DA:15,153
DA:16,153
DA:17,153
DA:18,153
DA:19,153
DA:21,153
DA:22,153
LF:14
LH:14
BRDA:18,1,0,153
BRDA:18,1,1,0
BRDA:24,2,0,22
BRDA:24,2,1,131
BRF:4
BRH:3
end_of_record
TN:
SF:/Users/phil/github/openstax/tutor-js/src/components/navbar/server-error-monitoring.cjsx
FN:24,(anonymous_1)
[...]
DA:75,20
DA:76,20
DA:77,0
DA:79,20
DA:80,20
DA:81,20
DA:84,2
DA:85,2
DA:86,2
DA:87,37
DA:88,37
DA:89,17
DA:90,20
DA:91,20
DA:93,37
DA:98,2
DA:99,2
DA:100,2
DA:101,0
DA:103,2
DA:104,2
DA:105,2
DA:106,2
DA:107,2
DA:108,37
DA:109,37
DA:110,37
DA:112,2
DA:113,2
DA:117,0
DA:118,0
DA:119,0
DA:120,0
DA:121,0
DA:123,0
DA:127,380
DA:128,0
DA:130,380
DA:133,0
DA:136,0
DA:137,0
DA:138,0
DA:141,0
DA:142,0
DA:143,0
DA:144,0
DA:145,0
DA:147,0
DA:148,0
DA:150,0
DA:156,362
DA:157,362
DA:158,362
DA:161,0
DA:162,0
DA:166,6
DA:167,6
DA:168,6
DA:171,0
DA:172,0
DA:173,0
DA:176,0
DA:177,0
DA:178,0
DA:181,0
DA:182,0
DA:183,0
DA:184,0
DA:186,0
DA:187,0
DA:189,0
DA:190,0
DA:191,0
DA:193,0
DA:196,0
DA:197,0
DA:198,0
DA:201,0
DA:202,0
DA:203,0
DA:204,0
DA:206,0
DA:209,0
DA:210,0
DA:211,0
DA:212,0
DA:216,0
DA:217,0
DA:218,0
DA:223,138
DA:224,138
DA:225,138
DA:228,2
DA:231,360
DA:232,360
DA:233,360
DA:234,117
DA:236,243
DA:240,12
DA:241,102
DA:245,0
DA:246,0
DA:247,0
DA:248,0
DA:251,0
DA:252,0
DA:253,0
DA:256,28
DA:259,0
DA:260,0
DA:261,0
DA:262,0
DA:264,0
DA:268,0
DA:269,0
DA:274,0
DA:275,0
DA:276,0
DA:277,0
DA:279,0
DA:280,0
DA:281,0
DA:282,0
DA:283,0
DA:288,21
DA:290,21
DA:292,21
LF:167
LH:80
BRDA:30,1,0,244
BRDA:30,1,1,7272
BRDA:40,2,0,1897
BRDA:40,2,1,1884
BRDA:46,3,0,0
BRDA:46,3,1,0
BRDA:52,4,0,0
BRDA:52,4,1,0
BRDA:58,5,0,0
BRDA:58,5,1,0
BRDA:76,6,0,0
BRDA:76,6,1,20
BRDA:88,7,0,17
BRDA:88,7,1,20
BRDA:90,8,0,20
BRDA:90,8,1,0
BRDA:100,9,0,0
BRDA:100,9,1,2
BRDA:127,10,0,0
BRDA:127,10,1,380
BRDA:145,11,0,0
BRDA:145,11,1,0
BRDA:147,12,0,0
BRDA:147,12,1,0
BRDA:184,13,0,0
BRDA:184,13,1,0
BRDA:184,13,2,0
BRDA:187,14,0,0
BRDA:187,14,1,0
BRDA:187,14,2,0
BRDA:190,15,0,0
BRDA:190,15,1,0
BRDA:204,16,0,0
BRDA:204,16,1,0
BRDA:204,16,2,0
BRDA:212,17,0,0
BRDA:212,17,1,0
BRDA:228,18,0,2
BRDA:228,18,1,0
BRDA:233,19,0,117
BRDA:233,19,1,243
BRDA:261,20,0,0
BRDA:261,20,1,0
BRDA:276,21,0,0
BRDA:276,21,1,0
BRDA:276,22,0,0
BRDA:276,22,1,0
BRF:47
BRH:13
end_of_record
TN:
SF:/Users/phil/github/openstax/tutor-js/src/flux/teacher-roster.coffee
FN:16,(anonymous_1)
FN:20,(anonymous_2)
FN:26,(anonymous_3)
FNF:3
FNH:0
FNDA:0,(anonymous_1)
FNDA:0,(anonymous_2)
FNDA:0,(anonymous_3)
DA:1,21
DA:3,21
DA:5,21
DA:7,21
DA:9,21
DA:11,21
DA:13,21
DA:15,21
DA:17,0
DA:18,0
DA:21,0
DA:22,0
DA:23,0
DA:27,0
DA:32,21
DA:34,21
DA:36,21
LF:17
LH:11
BRF:0
BRH:0
end_of_record
TN:
SF:/Users/phil/github/openstax/tutor-js/src/flux/teacher-task-plan.coffee
FN:10,(anonymous_1)
FN:16,(anonymous_2)
FN:19,(anonymous_3)
FNF:3
FNH:3
FNDA:20,(anonymous_1)
FNDA:40,(anonymous_2)
FNDA:158,(anonymous_3)
DA:1,21
DA:3,21
DA:5,21
DA:7,21
DA:9,21
DA:11,20
DA:12,20
DA:13,20
DA:17,40
DA:18,40
DA:19,40
DA:20,158
DA:26,21
DA:28,21
DA:30,21
LF:15
LH:15
BRDA:18,1,0,40
BRDA:18,1,1,0
BRF:2
BRH:1
end_of_record
TN:
SF:/Users/phil/github/openstax/tutor-js/src/flux/time.coffee
FN:10,(anonymous_1)
FN:16,(anonymous_2)
FN:32,(anonymous_3)
FN:40,(anonymous_4)
FNF:4
FNH:4
FNDA:93,(anonymous_1)
FNDA:93,(anonymous_2)
FNDA:965,(anonymous_3)
FNDA:58,(anonymous_4)
DA:1,21
DA:3,21
DA:5,21
DA:7,21
DA:9,21
DA:11,93
DA:12,0
DA:14,93
DA:17,93
DA:18,93
DA:19,93
DA:21,93
DA:22,0
DA:24,93
DA:25,93
DA:26,0
DA:28,93
DA:33,965
DA:34,965
DA:35,965
DA:37,965
DA:38,965
DA:41,58
DA:46,21
DA:48,21
LF:25
LH:22
BRDA:11,1,0,0
BRDA:11,1,1,93
BRDA:18,2,0,93
BRDA:18,2,1,0
BRDA:21,3,0,0
BRDA:21,3,1,93
BRDA:25,4,0,0
BRDA:25,4,1,93
BRDA:26,5,0,0
BRDA:26,5,1,0
BRDA:26,6,0,0
BRDA:26,6,1,0
BRDA:26,7,0,0
BRDA:26,7,1,0
BRDA:34,8,0,965
BRDA:34,8,1,0
BRDA:37,9,0,965
BRDA:37,9,1,89
BRF:18
BRH:7
end_of_record
TN:
SF:/Users/phil/github/openstax/tutor-js/src/flux/toc.coffee
FN:11,(anonymous_1)
FN:14,(anonymous_2)
FN:17,(anonymous_3)
FN:31,(anonymous_4)
FN:33,(anonymous_5)
FN:37,(anonymous_6)
FN:38,(anonymous_7)
FN:42,(anonymous_8)
FN:43,(anonymous_9)
FNF:9
FNH:3
FNDA:0,(anonymous_1)
FNDA:0,(anonymous_2)
FNDA:9,(anonymous_3)
FNDA:10,(anonymous_4)
FNDA:0,(anonymous_5)
FNDA:376,(anonymous_6)
FNDA:0,(anonymous_7)
FNDA:0,(anonymous_8)
FNDA:0,(anonymous_9)
DA:1,21
DA:3,21
DA:5,21
DA:7,21
DA:9,21
DA:12,0
DA:15,0
DA:18,9
DA:19,9
DA:20,9
DA:21,180
DA:22,180
DA:23,180
DA:24,927
DA:25,927
DA:28,9
DA:32,10
DA:33,10
DA:34,0
DA:38,376
DA:39,0
DA:43,0
DA:44,0
DA:50,21
DA:52,21
DA:54,21
LF:26
LH:20
BRDA:33,1,0,10
BRDA:33,1,1,0
BRDA:33,2,0,10
BRDA:33,2,1,0
BRDA:38,3,0,376
BRDA:38,3,1,0
BRF:6
BRH:3
end_of_record
TN:
SF:/Users/phil/github/openstax/tutor-js/src/flux/transition.coffee
FN:14,(anonymous_1)
FN:24,(anonymous_2)
FN:27,(anonymous_3)
FN:31,(anonymous_4)
FN:36,(anonymous_5)
FNF:5
FNH:4
FNDA:112,(anonymous_1)
FNDA:0,(anonymous_2)
FNDA:2,(anonymous_3)
FNDA:2,(anonymous_4)
FNDA:4,(anonymous_5)
DA:1,21
DA:3,21
DA:5,21
DA:7,21
DA:9,21
DA:11,21
DA:15,112
DA:16,112
DA:17,112
DA:18,21
DA:20,112
DA:21,63
DA:25,0
DA:28,2
DA:32,2
DA:33,2
DA:34,2
DA:35,2
DA:36,2
DA:37,4
DA:39,2
DA:40,0
DA:42,2
DA:50,21
LF:24
LH:22
BRDA:17,1,0,21
BRDA:17,1,1,91
BRDA:20,2,0,63
BRDA:20,2,1,49
BRDA:20,3,0,112
BRDA:20,3,1,96
BRDA:39,4,0,0
BRDA:39,4,1,2
BRF:8
BRH:7
end_of_record
TN:
SF:/Users/phil/github/openstax/tutor-js/src/helpers/analytics.coffee
FN:14,(anonymous_1)
FN:21,(anonymous_2)
FN:31,(anonymous_3)
FN:36,(anonymous_4)
FN:41,(anonymous_5)
FN:46,(anonymous_6)
FN:51,(anonymous_7)
FN:56,(anonymous_8)
FN:61,(anonymous_9)
FN:66,(anonymous_10)
FN:71,(anonymous_11)
FN:76,(anonymous_12)
FN:81,(anonymous_13)
FN:86,(anonymous_14)
FN:91,(anonymous_15)
FN:96,(anonymous_16)
FN:101,(anonymous_17)
FN:106,(anonymous_18)
FN:111,(anonymous_19)
FN:116,(anonymous_20)
FN:121,(anonymous_21)
FN:126,(anonymous_22)
FN:137,(anonymous_23)
FN:140,(anonymous_24)
FN:143,(anonymous_25)
FN:162,(anonymous_26)
FNF:26
FNH:2
FNDA:0,(anonymous_1)
FNDA:0,(anonymous_2)
FNDA:0,(anonymous_3)
FNDA:0,(anonymous_4)
FNDA:0,(anonymous_5)
FNDA:0,(anonymous_6)
FNDA:0,(anonymous_7)
FNDA:0,(anonymous_8)
FNDA:0,(anonymous_9)
FNDA:0,(anonymous_10)
FNDA:0,(anonymous_11)
FNDA:0,(anonymous_12)
FNDA:0,(anonymous_13)
FNDA:0,(anonymous_14)
FNDA:0,(anonymous_15)
FNDA:0,(anonymous_16)
FNDA:0,(anonymous_17)
FNDA:0,(anonymous_18)
FNDA:0,(anonymous_19)
FNDA:0,(anonymous_20)
FNDA:0,(anonymous_21)
FNDA:0,(anonymous_22)
FNDA:21,(anonymous_23)
FNDA:0,(anonymous_24)
FNDA:112,(anonymous_25)
FNDA:0,(anonymous_26)
DA:1,21
DA:3,21
DA:5,21
DA:7,21
DA:9,21
DA:11,21
DA:13,21
DA:15,0
DA:16,0
DA:17,0
DA:22,0
DA:23,0
DA:24,0
DA:30,21
DA:32,0
DA:33,0
DA:34,0
DA:37,0
DA:38,0
DA:39,0
DA:42,0
DA:43,0
DA:44,0
DA:47,0
DA:48,0
DA:49,0
DA:52,0
DA:53,0
DA:54,0
DA:57,0
DA:58,0
DA:59,0
DA:62,0
DA:63,0
DA:64,0
DA:67,0
DA:68,0
DA:69,0
DA:72,0
DA:73,0
DA:74,0
DA:77,0
DA:78,0
DA:79,0
DA:82,0
DA:83,0
DA:84,0
DA:87,0
DA:88,0
DA:89,0
DA:92,0
DA:93,0
DA:94,0
DA:97,0
DA:98,0
DA:99,0
DA:102,0
DA:103,0
DA:104,0
DA:107,0
DA:108,0
DA:109,0
DA:112,0
DA:113,0
DA:114,0
DA:117,0
DA:118,0
DA:119,0
DA:122,0
DA:123,0
DA:124,0
DA:127,0
DA:128,0
DA:129,0
DA:130,0
DA:134,21
DA:136,21
DA:138,21
DA:141,0
DA:144,112
DA:145,112
DA:146,112
DA:148,0
DA:149,0
DA:150,0
DA:152,0
DA:153,0
DA:154,0
DA:155,0
DA:156,0
DA:157,0
DA:159,0
DA:163,0
DA:164,0
DA:166,0
DA:170,21
LF:96
LH:15
BRDA:141,1,0,0
BRDA:141,1,1,0
BRDA:145,2,0,112
BRDA:145,2,1,0
BRDA:149,3,0,0
BRDA:149,3,1,0
BRDA:153,4,0,0
BRDA:153,4,1,0
BRDA:153,5,0,0
BRDA:153,5,1,0
BRDA:154,6,0,0
BRDA:154,6,1,0
BRDA:163,7,0,0
BRDA:163,7,1,0
BRF:14
BRH:1
end_of_record
TN:
SF:/Users/phil/github/openstax/tutor-js/src/helpers/conditional-rendering.coffee
FN:13,(anonymous_1)
FN:18,(anonymous_2)
FN:22,(anonymous_3)
FNF:3
FNH:3
FNDA:63,(anonymous_1)
FNDA:19,(anonymous_2)
FNDA:19,(anonymous_3)
DA:1,21
DA:3,21
DA:5,21
DA:7,21
DA:9,21
DA:11,21
DA:13,21
DA:14,63
DA:15,63
DA:16,0
DA:18,63
DA:19,63
DA:22,63
DA:23,19
DA:24,19
DA:25,19
DA:26,19
DA:28,63
LF:18
LH:17
BRDA:15,1,0,0
BRDA:15,1,1,63
BRDA:26,2,0,0
BRDA:26,2,1,19
BRDA:26,3,0,19
BRDA:26,3,1,19
BRDA:26,3,2,19
BRDA:26,4,0,0
BRDA:26,4,1,19
BRDA:26,5,0,19
BRDA:26,5,1,19
BRF:11
BRH:8
end_of_record
TN:
SF:/Users/phil/github/openstax/tutor-js/src/helpers/dom.coffee
FN:2,(anonymous_1)
FN:7,(anonymous_2)
FN:17,(anonymous_3)
FNF:3
FNH:3
FNDA:1,(anonymous_1)
FNDA:2,(anonymous_2)
FNDA:21,(anonymous_3)
DA:1,21
DA:3,1
DA:4,1
DA:5,1
DA:8,2
DA:9,1
DA:11,1
DA:12,0
DA:14,1
DA:18,21
DA:19,21
DA:20,21
DA:22,21
DA:23,21
DA:24,21
DA:25,21
DA:27,0
LF:17
LH:15
BRDA:4,1,0,1
BRDA:4,1,1,0
BRDA:4,1,2,0
BRDA:4,1,3,0
BRDA:4,1,4,0
BRDA:5,2,0,1
BRDA:5,2,1,0
BRDA:8,3,0,1
BRDA:8,3,1,1
BRDA:11,4,0,0
BRDA:11,4,1,1
BRDA:19,5,0,21
BRDA:19,5,1,0
BRDA:23,6,0,21
BRDA:23,6,1,0
BRF:15
BRH:7
end_of_record
TN:
SF:/Users/phil/github/openstax/tutor-js/src/helpers/durations.coffee
FN:12,(anonymous_1)
FN:15,(anonymous_2)
FNF:2
FNH:1
FNDA:0,(anonymous_1)
FNDA:28,(anonymous_2)
DA:1,21
DA:3,21
DA:5,21
DA:7,21
DA:9,21
DA:11,21
DA:13,0
DA:16,28
DA:17,28
DA:18,28
LF:10
LH:9
BRF:0
BRH:0
end_of_record
TN:
SF:/Users/phil/github/openstax/tutor-js/src/helpers/job.coffee
FN:27,(anonymous_1)
FN:31,(anonymous_2)
FN:36,(anonymous_3)
FN:37,(anonymous_4)
FN:38,(anonymous_5)
FN:47,(anonymous_6)
FN:54,(anonymous_7)
FN:58,(anonymous_8)
FN:75,(anonymous_9)
FN:87,(anonymous_10)
FN:95,(anonymous_11)
FN:102,(anonymous_12)
FN:105,(anonymous_13)
FN:109,(anonymous_14)
FN:112,(anonymous_15)
FN:117,(anonymous_16)
FN:122,(anonymous_17)
FN:127,(anonymous_18)
FNF:18
FNH:15
FNDA:42,(anonymous_1)
FNDA:0,(anonymous_2)
FNDA:2,(anonymous_3)
FNDA:2,(anonymous_4)
FNDA:1,(anonymous_5)
FNDA:1,(anonymous_6)
FNDA:0,(anonymous_7)
FNDA:1,(anonymous_8)
FNDA:2,(anonymous_9)
FNDA:2,(anonymous_10)
FNDA:0,(anonymous_11)
FNDA:3,(anonymous_12)
FNDA:2,(anonymous_13)
FNDA:262,(anonymous_14)
FNDA:465,(anonymous_15)
FNDA:75,(anonymous_16)
FNDA:1,(anonymous_17)
FNDA:1,(anonymous_18)
DA:1,21
DA:3,21
DA:5,21
DA:7,21
DA:9,21
DA:11,21
DA:13,21
DA:15,21
DA:17,21
DA:19,21
DA:21,21
DA:23,21
DA:25,21
DA:27,21
DA:28,42
DA:32,0
DA:33,0
DA:34,0
DA:37,2
DA:38,2
DA:39,1
DA:40,1
DA:41,1
DA:42,1
DA:43,1
DA:48,1
DA:49,1
DA:50,1
DA:52,1
DA:55,0
DA:56,0
DA:59,1
DA:60,1
DA:61,1
DA:63,0
DA:64,0
DA:66,1
DA:67,1
DA:71,1
DA:72,1
DA:76,2
DA:77,2
DA:78,2
DA:79,0
DA:81,2
DA:82,0
DA:84,2
DA:85,0
DA:87,2
DA:88,2
DA:90,2
DA:91,2
DA:92,2
DA:93,2
DA:96,0
DA:97,0
DA:98,0
DA:99,0
DA:103,3
DA:106,2
DA:110,262
DA:113,465
DA:114,465
DA:115,465
DA:118,75
DA:119,75
DA:120,75
DA:123,1
DA:124,1
DA:125,1
DA:128,1
DA:129,1
DA:130,1
DA:132,1
DA:133,1
DA:134,1
DA:136,1
DA:142,21
DA:146,21
LF:79
LH:65
BRDA:49,1,0,1
BRDA:49,1,1,0
BRDA:60,2,0,1
BRDA:60,2,1,0
BRDA:64,3,0,0
BRDA:64,3,1,0
BRDA:66,4,0,1
BRDA:66,4,1,0
BRDA:78,5,0,0
BRDA:78,5,1,2
BRDA:78,6,0,2
BRDA:78,6,1,2
BRDA:81,7,0,0
BRDA:81,7,1,2
BRDA:84,8,0,0
BRDA:84,8,1,2
BRDA:98,9,0,0
BRDA:98,9,1,0
BRDA:129,10,0,1
BRDA:129,10,1,0
BRDA:133,11,0,1
BRDA:133,11,1,0
BRF:22
BRH:10
end_of_record
TN:
SF:/Users/phil/github/openstax/tutor-js/src/helpers/period.coffee
FN:8,(anonymous_1)
FN:11,(anonymous_2)
FN:13,(anonymous_3)
FN:21,(anonymous_4)
FNF:4
FNH:3
FNDA:0,(anonymous_1)
FNDA:223,(anonymous_2)
FNDA:606,(anonymous_3)
FNDA:606,(anonymous_4)
DA:1,21
DA:3,21
DA:5,21
DA:7,21
DA:9,0
DA:12,223
DA:13,223
DA:14,606
DA:15,606
DA:16,606
DA:17,606
DA:18,606
DA:22,606
DA:23,606
DA:24,606
DA:25,606
DA:26,606
DA:29,0
DA:35,21
LF:19
LH:17
BRDA:15,1,0,606
BRDA:15,1,1,0
BRDA:17,2,0,606
BRDA:17,2,1,0
BRDA:23,3,0,606
BRDA:23,3,1,0
BRDA:25,4,0,606
BRDA:25,4,1,0
BRF:8
BRH:4
end_of_record
TN:
SF:/Users/phil/github/openstax/tutor-js/src/helpers/plan.coffee
FN:12,(anonymous_1)
FN:28,(anonymous_2)
FNF:2
FNH:2
FNDA:246,(anonymous_1)
FNDA:94,(anonymous_2)
DA:1,21
DA:3,21
DA:5,21
DA:7,21
DA:9,21
DA:11,21
DA:13,246
DA:14,246
DA:15,94
DA:17,246
DA:18,246
DA:19,3
DA:20,243
DA:21,222
DA:22,21
DA:23,1
DA:24,1
DA:26,246
DA:29,94
DA:30,94
DA:31,94
DA:32,94
DA:33,94
DA:34,94
DA:35,0
DA:36,0
DA:42,94
DA:43,94
DA:44,2
DA:45,2
DA:46,2
DA:49,94
DA:56,21
LF:33
LH:31
BRDA:14,1,0,94
BRDA:14,1,1,152
BRDA:17,2,0,246
BRDA:17,2,1,239
BRDA:17,2,2,20
BRDA:18,3,0,3
BRDA:18,3,1,243
BRDA:18,4,0,246
BRDA:18,4,1,225
BRDA:20,5,0,222
BRDA:20,5,1,21
BRDA:20,6,0,243
BRDA:20,6,1,222
BRDA:22,7,0,1
BRDA:22,7,1,20
BRDA:24,8,0,1
BRDA:24,8,1,1
BRDA:34,9,0,0
BRDA:34,9,1,94
BRDA:34,10,0,94
BRDA:34,10,1,1
BRDA:34,10,2,1
BRDA:35,11,0,0
BRDA:35,11,1,0
BRDA:42,12,0,94
BRDA:42,12,1,93
BRDA:43,13,0,2
BRDA:43,13,1,92
BRDA:45,14,0,2
BRDA:45,14,1,0
BRDA:45,15,0,2
BRDA:45,15,1,2
BRF:32
BRH:28
end_of_record
TN:
SF:/Users/phil/github/openstax/tutor-js/src/helpers/policies/index.coffee
FN:23,(anonymous_1)
FN:41,(anonymous_2)
FN:49,(anonymous_3)
FN:55,(anonymous_4)
FN:63,(anonymous_5)
FN:68,(anonymous_6)
FN:73,(anonymous_7)
FNF:7
FNH:6
FNDA:63,(anonymous_1)
FNDA:17,(anonymous_2)
FNDA:17,(anonymous_3)
FNDA:0,(anonymous_4)
FNDA:40,(anonymous_5)
FNDA:6,(anonymous_6)
FNDA:6,(anonymous_7)
DA:1,21
DA:3,21
DA:5,21
DA:7,21
DA:9,21
DA:11,21
DA:13,21
DA:15,21
DA:19,21
DA:23,21
DA:24,63
DA:25,63
DA:26,63
DA:27,0
DA:29,63
DA:30,63
DA:31,0
DA:33,63
DA:34,63
DA:41,21
DA:42,17
DA:43,17
DA:44,17
DA:47,21
DA:50,17
DA:51,17
DA:52,17
DA:53,17
DA:56,0
DA:57,0
DA:58,0
DA:61,0
DA:64,40
DA:65,40
DA:66,40
DA:69,6
DA:70,6
DA:71,6
DA:74,6
DA:75,6
DA:76,6
DA:77,0
DA:79,6
DA:80,6
DA:81,6
DA:85,21
LF:46
LH:39
BRDA:26,1,0,0
BRDA:26,1,1,63
BRDA:30,2,0,0
BRDA:30,2,1,63
BRDA:76,3,0,0
BRDA:76,3,1,6
BRDA:80,4,0,6
BRDA:80,4,1,3
BRDA:81,5,0,6
BRDA:81,5,1,6
BRF:10
BRH:7
end_of_record
TN:
SF:/Users/phil/github/openstax/tutor-js/src/helpers/policies/policies.coffee
FNF:0
FNH:0
DA:1,21
DA:3,21
DA:10,21
DA:17,21
DA:24,21
DA:30,21
DA:37,21
DA:43,21
DA:45,21
DA:47,21
DA:49,21
DA:51,21
DA:53,21
DA:101,21
DA:193,21
LF:15
LH:15
BRF:0
BRH:0
end_of_record
TN:
SF:/Users/phil/github/openstax/tutor-js/src/helpers/policies/utils.coffee
FN:14,(anonymous_1)
FN:22,(anonymous_2)
FN:25,(anonymous_3)
FN:30,(anonymous_4)
FN:36,(anonymous_5)
FN:62,(anonymous_6)
FN:64,(anonymous_7)
FN:69,(anonymous_8)
FN:72,(anonymous_9)
FN:82,(anonymous_10)
FN:84,(anonymous_11)
FN:92,(anonymous_12)
FN:99,(anonymous_13)
FN:106,(anonymous_14)
FNF:14
FNH:11
FNDA:28,(anonymous_1)
FNDA:63,(anonymous_2)
FNDA:0,(anonymous_3)
FNDA:91,(anonymous_4)
FNDA:63,(anonymous_5)
FNDA:0,(anonymous_6)
FNDA:0,(anonymous_7)
FNDA:63,(anonymous_8)
FNDA:63,(anonymous_9)
FNDA:17,(anonymous_10)
FNDA:17,(anonymous_11)
FNDA:17,(anonymous_12)
FNDA:40,(anonymous_13)
FNDA:6,(anonymous_14)
DA:1,21
DA:3,21
DA:5,21
DA:7,21
DA:9,21
DA:11,21
DA:13,21
DA:15,28
DA:16,28
DA:17,28
DA:18,28
DA:20,28
DA:23,63
DA:26,0
DA:27,0
DA:28,0
DA:31,91
DA:32,91
DA:33,91
DA:34,91
DA:37,63
DA:38,63
DA:39,63
DA:40,0
DA:41,0
DA:42,0
DA:44,63
DA:45,63
DA:46,63
DA:48,63
DA:49,63
DA:50,63
DA:51,63
DA:54,63
DA:55,28
DA:56,28
DA:57,28
DA:60,63
DA:63,0
DA:64,0
DA:65,0
DA:67,0
DA:70,63
DA:71,63
DA:72,63
DA:73,63
DA:74,63
DA:75,63
DA:77,0
DA:78,0
DA:80,63
DA:83,17
DA:84,17
DA:85,17
DA:86,17
DA:87,0
DA:89,17
DA:93,17
DA:94,17
DA:97,17
DA:100,40
DA:101,40
DA:104,40
DA:107,6
DA:108,6
DA:111,6
DA:115,21
LF:67
LH:54
BRDA:17,1,0,28
BRDA:17,1,1,0
BRDA:17,2,0,28
BRDA:17,2,1,28
BRDA:39,3,0,0
BRDA:39,3,1,63
BRDA:45,4,0,63
BRDA:45,4,1,0
BRDA:48,5,0,63
BRDA:48,5,1,0
BRDA:50,6,0,63
BRDA:50,6,1,0
BRDA:54,7,0,28
BRDA:54,7,1,35
BRDA:56,8,0,28
BRDA:56,8,1,0
BRDA:65,9,0,0
BRDA:65,9,1,0
BRDA:65,9,2,0
BRDA:74,10,0,63
BRDA:74,10,1,0
BRDA:86,11,0,0
BRDA:86,11,1,17
BRDA:97,12,0,17
BRDA:97,12,1,0
BRF:25
BRH:13
end_of_record
TN:
SF:/Users/phil/github/openstax/tutor-js/src/helpers/routes-and-destinations.coffee
FN:50,(anonymous_1)
FN:53,(anonymous_2)
FN:60,(anonymous_3)
FN:64,(anonymous_4)
FNF:4
FNH:4
FNDA:104,(anonymous_1)
FNDA:104,(anonymous_2)
FNDA:104,(anonymous_3)
FNDA:96,(anonymous_4)
DA:1,21
DA:3,21
DA:5,21
DA:7,21
DA:9,21
DA:11,21
DA:13,21
DA:15,21
DA:17,21
DA:19,21
DA:21,21
DA:23,21
DA:25,21
DA:27,21
DA:29,21
DA:31,21
DA:49,21
DA:51,104
DA:54,104
DA:55,104
DA:56,104
DA:57,104
DA:61,104
DA:62,104
DA:65,96
DA:69,21
LF:26
LH:26
BRDA:56,1,0,104
BRDA:56,1,1,0
BRDA:56,2,0,104
BRDA:56,2,1,0
BRDA:56,3,0,104
BRDA:56,3,1,0
BRDA:62,4,0,104
BRDA:62,4,1,0
BRF:8
BRH:4
end_of_record
TN:
SF:/Users/phil/github/openstax/tutor-js/src/helpers/string.coffee
FN:8,(anonymous_1)
FN:16,(anonymous_2)
FN:25,(anonymous_3)
FN:26,(anonymous_4)
FNF:4
FNH:1
FNDA:214,(anonymous_1)
FNDA:0,(anonymous_2)
FNDA:0,(anonymous_3)
FNDA:0,(anonymous_4)
DA:1,21
DA:3,21
DA:5,21
DA:7,21
DA:9,214
DA:10,214
DA:11,214
DA:13,214
DA:14,214
DA:17,0
DA:18,0
DA:19,0
DA:20,0
DA:22,0
DA:26,0
DA:27,0
DA:28,0
DA:30,0
DA:31,0
DA:33,0
LF:20
LH:9
BRDA:10,1,0,214
BRDA:10,1,1,0
BRDA:13,2,0,214
BRDA:13,2,1,0
BRDA:19,3,0,0
BRDA:19,3,1,0
BRDA:27,4,0,0
BRDA:27,4,1,0
BRDA:27,5,0,0
BRDA:27,5,1,0
BRDA:27,5,2,0
BRDA:27,5,3,0
BRDA:27,5,4,0
BRDA:27,5,5,0
BRDA:27,5,6,0
BRDA:30,6,0,0
BRDA:30,6,1,0
BRF:17
BRH:2
end_of_record
TN:
SF:/Users/phil/github/openstax/tutor-js/src/helpers/task.coffee
FN:10,(anonymous_1)
FN:25,(anonymous_2)
FN:30,(anonymous_3)
FN:36,(anonymous_4)
FNF:4
FNH:4
FNDA:853,(anonymous_1)
FNDA:262,(anonymous_2)
FNDA:18,(anonymous_3)
FNDA:36,(anonymous_4)
DA:1,21
DA:3,21
DA:5,21
DA:7,21
DA:9,21
DA:11,853
DA:12,853
DA:13,853
DA:18,853
DA:19,853
DA:20,853
DA:21,299
DA:23,853
DA:26,262
DA:27,262
DA:28,262
DA:31,18
DA:32,18
DA:33,0
DA:35,18
DA:36,18
DA:37,36
LF:22
LH:21
BRDA:20,1,0,299
BRDA:20,1,1,554
BRDA:32,2,0,0
BRDA:32,2,1,18
BRF:4
BRH:3
end_of_record
TN:
SF:/Users/phil/github/openstax/tutor-js/src/helpers/time.coffee
FN:14,(anonymous_1)
FN:18,(anonymous_2)
FN:19,(anonymous_3)
FN:29,(anonymous_4)
FN:40,(anonymous_5)
FN:46,(anonymous_6)
FN:55,(anonymous_7)
FN:67,(anonymous_8)
FN:76,(anonymous_9)
FN:79,(anonymous_10)
FN:87,(anonymous_11)
FN:90,(anonymous_12)
FN:93,(anonymous_13)
FNF:13
FNH:11
FNDA:92,(anonymous_1)
FNDA:53728,(anonymous_2)
FNDA:429824,(anonymous_3)
FNDA:53636,(anonymous_4)
FNDA:0,(anonymous_5)
FNDA:31,(anonymous_6)
FNDA:34,(anonymous_7)
FNDA:28,(anonymous_8)
FNDA:92,(anonymous_9)
FNDA:1506,(anonymous_10)
FNDA:0,(anonymous_11)
FNDA:28,(anonymous_12)
FNDA:58,(anonymous_13)
DA:1,21
DA:4,21
DA:6,21
DA:8,21
DA:10,21
DA:12,21
DA:15,92
DA:16,92
DA:17,92
DA:18,92
DA:19,53728
DA:20,429824
DA:21,429824
DA:22,429824
DA:23,429088
DA:25,429824
DA:28,92
DA:29,92
DA:30,53636
DA:31,2108
DA:34,92
DA:38,21
DA:41,0
DA:42,0
DA:47,31
DA:48,31
DA:49,31
DA:56,34
DA:57,34
DA:58,0
DA:60,34
DA:61,34
DA:62,34
DA:64,34
DA:65,34
DA:68,28
DA:69,28
DA:70,0
DA:72,28
DA:73,28
DA:74,28
DA:77,92
DA:80,1506
DA:81,1506
DA:82,1506
DA:83,1506
DA:85,0
DA:88,0
DA:91,28
DA:94,58
DA:95,58
DA:96,58
DA:100,21
LF:53
LH:47
BRDA:22,1,0,429088
BRDA:22,1,1,736
BRDA:30,2,0,2108
BRDA:30,2,1,51528
BRDA:41,3,0,0
BRDA:41,3,1,0
BRDA:57,4,0,0
BRDA:57,4,1,34
BRDA:61,5,0,34
BRDA:61,5,1,0
BRDA:69,6,0,0
BRDA:69,6,1,28
BRDA:81,7,0,41
BRDA:81,7,1,1465
BRDA:82,8,0,1506
BRDA:82,8,1,0
BRF:16
BRH:10
end_of_record
TN:
SF:/Users/phil/github/openstax/tutor-js/src/helpers/webpack-async-loader.coffee
FN:7,(anonymous_1)
FN:10,(anonymous_2)
FN:11,(anonymous_3)
FN:12,(anonymous_4)
FN:19,(anonymous_5)
FNF:5
FNH:1
FNDA:84,(anonymous_1)
FNDA:0,(anonymous_2)
FNDA:0,(anonymous_3)
FNDA:0,(anonymous_4)
FNDA:0,(anonymous_5)
DA:1,21
DA:3,21
DA:5,21
DA:7,21
DA:8,84
DA:11,0
DA:12,0
DA:13,0
DA:20,0
DA:21,0
DA:22,0
DA:24,0
DA:30,21
LF:13
LH:6
BRDA:21,1,0,0
BRDA:21,1,1,0
BRDA:21,2,0,0
BRDA:21,2,1,0
BRF:4
BRH:0
end_of_record
TN:
SF:/Users/phil/github/openstax/tutor-js/src/helpers/window.coffee
FN:2,(anonymous_1)
FNF:1
FNH:0
FNDA:0,(anonymous_1)
DA:1,21
DA:3,0
DA:4,0
LF:3
LH:1
BRDA:3,1,0,0
BRDA:3,1,1,0
BRF:2
BRH:0
end_of_record
TN:
SF:/Users/phil/github/openstax/tutor-js/src/qa.coffee
FN:1,(anonymous_1)
FN:2,(anonymous_2)
FN:3,(anonymous_3)
FNF:3
FNH:0
FNDA:0,(anonymous_1)
FNDA:0,(anonymous_2)
FNDA:0,(anonymous_3)
DA:1,21
DA:2,0
DA:3,0
DA:4,0
LF:4
LH:1
BRF:0
BRH:0
end_of_record
TN:
SF:/Users/phil/github/openstax/tutor-js/src/router.cjsx
FN:223,(anonymous_1)
FN:224,(anonymous_2)
FNF:2
FNH:2
FNDA:21,(anonymous_1)
FNDA:98,(anonymous_2)
DA:1,21
DA:3,21
DA:5,21
DA:7,21
DA:9,21
DA:11,21
DA:13,21
DA:15,21
DA:17,21
DA:19,21
DA:21,21
DA:23,21
DA:25,21
DA:27,21
DA:29,21
DA:31,21
DA:33,21
DA:35,21
DA:37,21
DA:39,21
DA:41,21
DA:218,21
DA:223,21
DA:224,21
DA:225,98
DA:229,21
LF:26
LH:26
BRF:0
BRH:0
end_of_record
TN:
SF:/Users/phil/github/openstax/tutor-js/src/sandbox.cjsx
FN:8,(anonymous_1)
FNF:1
FNH:0
FNDA:0,(anonymous_1)
DA:1,21
DA:3,21
DA:5,21
DA:7,21
DA:9,0
DA:23,21
LF:6
LH:5
BRF:0
BRH:0
end_of_record
